{"setup.js":{"path":"setup.js","statementMap":{"0":{"start":{"line":3,"column":28},"end":{"line":3,"column":34}},"1":{"start":{"line":6,"column":17},"end":{"line":6,"column":43}},"2":{"start":{"line":7,"column":25},"end":{"line":7,"column":45}},"3":{"start":{"line":9,"column":0},"end":{"line":9,"column":26}}},"fnMap":{},"branchMap":{},"s":{"0":1,"1":1,"2":1,"3":1},"f":{},"b":{},"_coverageSchema":"332fd63041d2c1bcb487cc26dd0d5f7d97098a6c","hash":"fb7b5fe6539c043e3d99c45fbfa138af391ed314"},"test.js":{"path":"test.js","statementMap":{"0":{"start":{"line":1,"column":15},"end":{"line":1,"column":32}},"1":{"start":{"line":2,"column":18},"end":{"line":2,"column":57}},"2":{"start":{"line":3,"column":15},"end":{"line":3,"column":41}},"3":{"start":{"line":5,"column":17},"end":{"line":5,"column":44}},"4":{"start":{"line":10,"column":4},"end":{"line":12,"column":5}},"5":{"start":{"line":11,"column":6},"end":{"line":11,"column":63}},"6":{"start":{"line":14,"column":4},"end":{"line":16,"column":6}},"7":{"start":{"line":15,"column":6},"end":{"line":15,"column":50}},"8":{"start":{"line":20,"column":0},"end":{"line":100,"column":3}},"9":{"start":{"line":21,"column":14},"end":{"line":35,"column":7}},"10":{"start":{"line":24,"column":8},"end":{"line":26,"column":11}},"11":{"start":{"line":30,"column":8},"end":{"line":30,"column":37}},"12":{"start":{"line":37,"column":2},"end":{"line":48,"column":5}},"13":{"start":{"line":40,"column":8},"end":{"line":40,"column":30}},"14":{"start":{"line":45,"column":8},"end":{"line":45,"column":31}},"15":{"start":{"line":50,"column":2},"end":{"line":53,"column":6}},"16":{"start":{"line":50,"column":15},"end":{"line":53,"column":4}},"17":{"start":{"line":55,"column":2},"end":{"line":55,"column":49}},"18":{"start":{"line":55,"column":14},"end":{"line":55,"column":47}},"19":{"start":{"line":57,"column":2},"end":{"line":57,"column":26}},"20":{"start":{"line":59,"column":2},"end":{"line":99,"column":5}},"21":{"start":{"line":60,"column":4},"end":{"line":69,"column":7}},"22":{"start":{"line":61,"column":6},"end":{"line":68,"column":21}},"23":{"start":{"line":62,"column":8},"end":{"line":66,"column":11}},"24":{"start":{"line":67,"column":8},"end":{"line":67,"column":15}},"25":{"start":{"line":71,"column":4},"end":{"line":83,"column":7}},"26":{"start":{"line":72,"column":24},"end":{"line":72,"column":48}},"27":{"start":{"line":74,"column":6},"end":{"line":80,"column":9}},"28":{"start":{"line":75,"column":8},"end":{"line":78,"column":11}},"29":{"start":{"line":79,"column":8},"end":{"line":79,"column":15}},"30":{"start":{"line":82,"column":6},"end":{"line":82,"column":53}},"31":{"start":{"line":85,"column":4},"end":{"line":98,"column":7}},"32":{"start":{"line":86,"column":6},"end":{"line":97,"column":9}},"33":{"start":{"line":87,"column":8},"end":{"line":96,"column":11}},"34":{"start":{"line":88,"column":10},"end":{"line":95,"column":13}},"35":{"start":{"line":89,"column":26},"end":{"line":89,"column":60}},"36":{"start":{"line":90,"column":12},"end":{"line":90,"column":42}},"37":{"start":{"line":91,"column":12},"end":{"line":91,"column":49}},"38":{"start":{"line":92,"column":12},"end":{"line":92,"column":59}},"39":{"start":{"line":93,"column":12},"end":{"line":93,"column":78}},"40":{"start":{"line":94,"column":12},"end":{"line":94,"column":79}}},"fnMap":{"0":{"name":"(anonymous_0)","decl":{"start":{"line":9,"column":2},"end":{"line":9,"column":3}},"loc":{"start":{"line":9,"column":19},"end":{"line":17,"column":3}},"line":9},"1":{"name":"(anonymous_1)","decl":{"start":{"line":14,"column":30},"end":{"line":14,"column":31}},"loc":{"start":{"line":15,"column":6},"end":{"line":15,"column":50}},"line":15},"2":{"name":"(anonymous_2)","decl":{"start":{"line":20,"column":48},"end":{"line":20,"column":49}},"loc":{"start":{"line":20,"column":60},"end":{"line":100,"column":1}},"line":20},"3":{"name":"(anonymous_3)","decl":{"start":{"line":50,"column":9},"end":{"line":50,"column":10}},"loc":{"start":{"line":50,"column":15},"end":{"line":53,"column":4}},"line":50},"4":{"name":"(anonymous_4)","decl":{"start":{"line":55,"column":8},"end":{"line":55,"column":9}},"loc":{"start":{"line":55,"column":14},"end":{"line":55,"column":47}},"line":55},"5":{"name":"(anonymous_5)","decl":{"start":{"line":59,"column":45},"end":{"line":59,"column":46}},"loc":{"start":{"line":59,"column":51},"end":{"line":99,"column":3}},"line":59},"6":{"name":"(anonymous_6)","decl":{"start":{"line":60,"column":53},"end":{"line":60,"column":54}},"loc":{"start":{"line":60,"column":61},"end":{"line":69,"column":5}},"line":60},"7":{"name":"(anonymous_7)","decl":{"start":{"line":61,"column":50},"end":{"line":61,"column":51}},"loc":{"start":{"line":61,"column":58},"end":{"line":68,"column":7}},"line":61},"8":{"name":"(anonymous_8)","decl":{"start":{"line":71,"column":37},"end":{"line":71,"column":38}},"loc":{"start":{"line":71,"column":45},"end":{"line":83,"column":5}},"line":71},"9":{"name":"(anonymous_9)","decl":{"start":{"line":74,"column":32},"end":{"line":74,"column":33}},"loc":{"start":{"line":74,"column":40},"end":{"line":80,"column":7}},"line":74},"10":{"name":"(anonymous_10)","decl":{"start":{"line":85,"column":32},"end":{"line":85,"column":33}},"loc":{"start":{"line":85,"column":38},"end":{"line":98,"column":5}},"line":85},"11":{"name":"(anonymous_11)","decl":{"start":{"line":86,"column":44},"end":{"line":86,"column":45}},"loc":{"start":{"line":86,"column":50},"end":{"line":97,"column":7}},"line":86},"12":{"name":"(anonymous_12)","decl":{"start":{"line":87,"column":43},"end":{"line":87,"column":44}},"loc":{"start":{"line":87,"column":49},"end":{"line":96,"column":9}},"line":87},"13":{"name":"(anonymous_13)","decl":{"start":{"line":88,"column":30},"end":{"line":88,"column":31}},"loc":{"start":{"line":88,"column":36},"end":{"line":95,"column":11}},"line":88}},"branchMap":{"0":{"loc":{"start":{"line":10,"column":4},"end":{"line":12,"column":5}},"type":"if","locations":[{"start":{"line":10,"column":4},"end":{"line":12,"column":5}},{"start":{"line":10,"column":4},"end":{"line":12,"column":5}}],"line":10}},"s":{"0":1,"1":1,"2":1,"3":1,"4":2,"5":1,"6":1,"7":1,"8":1,"9":1,"10":1,"11":1,"12":1,"13":1,"14":1,"15":1,"16":1,"17":1,"18":1,"19":1,"20":1,"21":1,"22":1,"23":1,"24":1,"25":1,"26":1,"27":1,"28":1,"29":1,"30":1,"31":1,"32":1,"33":1,"34":1,"35":1,"36":1,"37":1,"38":1,"39":1,"40":1},"f":{"0":2,"1":1,"2":1,"3":1,"4":1,"5":1,"6":1,"7":1,"8":1,"9":1,"10":1,"11":1,"12":1,"13":1},"b":{"0":[1,1]},"_coverageSchema":"332fd63041d2c1bcb487cc26dd0d5f7d97098a6c","hash":"292e1b9d6dfbb03a8dac971e01da815a94e4715f"},"assert.js":{"path":"assert.js","statementMap":{"0":{"start":{"line":3,"column":19},"end":{"line":3,"column":43}},"1":{"start":{"line":15,"column":2},"end":{"line":17,"column":3}},"2":{"start":{"line":16,"column":4},"end":{"line":16,"column":13}},"3":{"start":{"line":19,"column":10},"end":{"line":19,"column":18}},"4":{"start":{"line":20,"column":10},"end":{"line":20,"column":18}},"5":{"start":{"line":22,"column":2},"end":{"line":28,"column":3}},"6":{"start":{"line":23,"column":4},"end":{"line":27,"column":5}},"7":{"start":{"line":24,"column":6},"end":{"line":24,"column":15}},"8":{"start":{"line":25,"column":6},"end":{"line":25,"column":15}},"9":{"start":{"line":26,"column":6},"end":{"line":26,"column":12}},"10":{"start":{"line":30,"column":2},"end":{"line":32,"column":3}},"11":{"start":{"line":31,"column":4},"end":{"line":31,"column":14}},"12":{"start":{"line":33,"column":2},"end":{"line":35,"column":3}},"13":{"start":{"line":34,"column":4},"end":{"line":34,"column":13}},"14":{"start":{"line":36,"column":2},"end":{"line":36,"column":11}},"15":{"start":{"line":39,"column":2},"end":{"line":41,"column":3}},"16":{"start":{"line":40,"column":4},"end":{"line":40,"column":37}},"17":{"start":{"line":42,"column":2},"end":{"line":42,"column":38}},"18":{"start":{"line":73,"column":11},"end":{"line":73,"column":27}},"19":{"start":{"line":74,"column":13},"end":{"line":74,"column":44}},"20":{"start":{"line":75,"column":13},"end":{"line":75,"column":34}},"21":{"start":{"line":76,"column":26},"end":{"line":78,"column":3}},"22":{"start":{"line":77,"column":2},"end":{"line":77,"column":42}},"23":{"start":{"line":80,"column":2},"end":{"line":80,"column":45}},"24":{"start":{"line":83,"column":2},"end":{"line":85,"column":3}},"25":{"start":{"line":84,"column":4},"end":{"line":84,"column":17}},"26":{"start":{"line":86,"column":2},"end":{"line":88,"column":3}},"27":{"start":{"line":87,"column":4},"end":{"line":87,"column":17}},"28":{"start":{"line":89,"column":2},"end":{"line":91,"column":3}},"29":{"start":{"line":90,"column":4},"end":{"line":90,"column":38}},"30":{"start":{"line":92,"column":2},"end":{"line":94,"column":3}},"31":{"start":{"line":93,"column":4},"end":{"line":93,"column":17}},"32":{"start":{"line":95,"column":2},"end":{"line":97,"column":3}},"33":{"start":{"line":96,"column":4},"end":{"line":96,"column":16}},"34":{"start":{"line":98,"column":2},"end":{"line":100,"column":3}},"35":{"start":{"line":99,"column":4},"end":{"line":99,"column":16}},"36":{"start":{"line":101,"column":2},"end":{"line":101,"column":15}},"37":{"start":{"line":107,"column":13},"end":{"line":107,"column":32}},"38":{"start":{"line":114,"column":12},"end":{"line":114,"column":41}},"39":{"start":{"line":117,"column":2},"end":{"line":119,"column":3}},"40":{"start":{"line":118,"column":4},"end":{"line":118,"column":11}},"41":{"start":{"line":120,"column":2},"end":{"line":122,"column":3}},"42":{"start":{"line":121,"column":4},"end":{"line":121,"column":21}},"43":{"start":{"line":123,"column":12},"end":{"line":123,"column":27}},"44":{"start":{"line":124,"column":14},"end":{"line":124,"column":30}},"45":{"start":{"line":125,"column":2},"end":{"line":125,"column":27}},"46":{"start":{"line":127,"column":0},"end":{"line":161,"column":2}},"47":{"start":{"line":128,"column":2},"end":{"line":128,"column":31}},"48":{"start":{"line":129,"column":2},"end":{"line":129,"column":31}},"49":{"start":{"line":130,"column":2},"end":{"line":130,"column":35}},"50":{"start":{"line":131,"column":2},"end":{"line":131,"column":35}},"51":{"start":{"line":132,"column":2},"end":{"line":138,"column":3}},"52":{"start":{"line":133,"column":4},"end":{"line":133,"column":35}},"53":{"start":{"line":134,"column":4},"end":{"line":134,"column":34}},"54":{"start":{"line":136,"column":4},"end":{"line":136,"column":36}},"55":{"start":{"line":137,"column":4},"end":{"line":137,"column":33}},"56":{"start":{"line":139,"column":27},"end":{"line":139,"column":61}},"57":{"start":{"line":140,"column":2},"end":{"line":160,"column":3}},"58":{"start":{"line":141,"column":4},"end":{"line":141,"column":54}},"59":{"start":{"line":144,"column":14},"end":{"line":144,"column":25}},"60":{"start":{"line":145,"column":4},"end":{"line":159,"column":5}},"61":{"start":{"line":146,"column":16},"end":{"line":146,"column":25}},"62":{"start":{"line":149,"column":20},"end":{"line":149,"column":47}},"63":{"start":{"line":150,"column":16},"end":{"line":150,"column":43}},"64":{"start":{"line":151,"column":6},"end":{"line":156,"column":7}},"65":{"start":{"line":154,"column":24},"end":{"line":154,"column":50}},"66":{"start":{"line":155,"column":8},"end":{"line":155,"column":43}},"67":{"start":{"line":158,"column":6},"end":{"line":158,"column":23}},"68":{"start":{"line":164,"column":0},"end":{"line":164,"column":44}},"69":{"start":{"line":167,"column":2},"end":{"line":171,"column":3}},"70":{"start":{"line":168,"column":4},"end":{"line":168,"column":44}},"71":{"start":{"line":170,"column":4},"end":{"line":170,"column":13}},"72":{"start":{"line":174,"column":2},"end":{"line":176,"column":3}},"73":{"start":{"line":175,"column":4},"end":{"line":175,"column":35}},"74":{"start":{"line":177,"column":16},"end":{"line":177,"column":34}},"75":{"start":{"line":178,"column":13},"end":{"line":178,"column":42}},"76":{"start":{"line":179,"column":2},"end":{"line":179,"column":35}},"77":{"start":{"line":182,"column":2},"end":{"line":184,"column":47}},"78":{"start":{"line":199,"column":2},"end":{"line":205,"column":5}},"79":{"start":{"line":209,"column":0},"end":{"line":209,"column":19}},"80":{"start":{"line":219,"column":2},"end":{"line":219,"column":58}},"81":{"start":{"line":219,"column":14},"end":{"line":219,"column":58}},"82":{"start":{"line":221,"column":0},"end":{"line":221,"column":15}},"83":{"start":{"line":227,"column":0},"end":{"line":229,"column":2}},"84":{"start":{"line":228,"column":2},"end":{"line":228,"column":78}},"85":{"start":{"line":228,"column":26},"end":{"line":228,"column":78}},"86":{"start":{"line":234,"column":0},"end":{"line":238,"column":2}},"87":{"start":{"line":235,"column":2},"end":{"line":237,"column":3}},"88":{"start":{"line":236,"column":4},"end":{"line":236,"column":59}},"89":{"start":{"line":243,"column":0},"end":{"line":247,"column":2}},"90":{"start":{"line":244,"column":2},"end":{"line":246,"column":3}},"91":{"start":{"line":245,"column":4},"end":{"line":245,"column":67}},"92":{"start":{"line":249,"column":0},"end":{"line":253,"column":2}},"93":{"start":{"line":250,"column":2},"end":{"line":252,"column":3}},"94":{"start":{"line":251,"column":4},"end":{"line":251,"column":79}},"95":{"start":{"line":257,"column":2},"end":{"line":318,"column":3}},"96":{"start":{"line":258,"column":4},"end":{"line":258,"column":16}},"97":{"start":{"line":259,"column":9},"end":{"line":318,"column":3}},"98":{"start":{"line":260,"column":4},"end":{"line":260,"column":43}},"99":{"start":{"line":264,"column":9},"end":{"line":318,"column":3}},"100":{"start":{"line":265,"column":4},"end":{"line":265,"column":51}},"101":{"start":{"line":270,"column":9},"end":{"line":318,"column":3}},"102":{"start":{"line":271,"column":4},"end":{"line":275,"column":53}},"103":{"start":{"line":279,"column":9},"end":{"line":318,"column":3}},"104":{"start":{"line":281,"column":4},"end":{"line":281,"column":61}},"105":{"start":{"line":289,"column":9},"end":{"line":318,"column":3}},"106":{"start":{"line":293,"column":4},"end":{"line":294,"column":58}},"107":{"start":{"line":302,"column":9},"end":{"line":318,"column":3}},"108":{"start":{"line":303,"column":4},"end":{"line":303,"column":17}},"109":{"start":{"line":305,"column":4},"end":{"line":305,"column":48}},"110":{"start":{"line":307,"column":22},"end":{"line":307,"column":50}},"111":{"start":{"line":308,"column":4},"end":{"line":312,"column":5}},"112":{"start":{"line":309,"column":6},"end":{"line":311,"column":7}},"113":{"start":{"line":310,"column":8},"end":{"line":310,"column":20}},"114":{"start":{"line":314,"column":4},"end":{"line":314,"column":30}},"115":{"start":{"line":315,"column":4},"end":{"line":315,"column":34}},"116":{"start":{"line":317,"column":4},"end":{"line":317,"column":53}},"117":{"start":{"line":322,"column":2},"end":{"line":322,"column":72}},"118":{"start":{"line":326,"column":2},"end":{"line":327,"column":17}},"119":{"start":{"line":327,"column":4},"end":{"line":327,"column":17}},"120":{"start":{"line":329,"column":2},"end":{"line":330,"column":19}},"121":{"start":{"line":330,"column":4},"end":{"line":330,"column":19}},"122":{"start":{"line":331,"column":2},"end":{"line":332,"column":17}},"123":{"start":{"line":332,"column":4},"end":{"line":332,"column":17}},"124":{"start":{"line":333,"column":16},"end":{"line":333,"column":30}},"125":{"start":{"line":334,"column":16},"end":{"line":334,"column":30}},"126":{"start":{"line":335,"column":2},"end":{"line":336,"column":17}},"127":{"start":{"line":336,"column":4},"end":{"line":336,"column":17}},"128":{"start":{"line":337,"column":2},"end":{"line":341,"column":3}},"129":{"start":{"line":338,"column":4},"end":{"line":338,"column":23}},"130":{"start":{"line":339,"column":4},"end":{"line":339,"column":23}},"131":{"start":{"line":340,"column":4},"end":{"line":340,"column":36}},"132":{"start":{"line":342,"column":11},"end":{"line":342,"column":24}},"133":{"start":{"line":343,"column":11},"end":{"line":343,"column":24}},"134":{"start":{"line":347,"column":2},"end":{"line":348,"column":17}},"135":{"start":{"line":348,"column":4},"end":{"line":348,"column":17}},"136":{"start":{"line":350,"column":2},"end":{"line":350,"column":12}},"137":{"start":{"line":351,"column":2},"end":{"line":351,"column":12}},"138":{"start":{"line":353,"column":2},"end":{"line":356,"column":3}},"139":{"start":{"line":354,"column":4},"end":{"line":355,"column":19}},"140":{"start":{"line":355,"column":6},"end":{"line":355,"column":19}},"141":{"start":{"line":359,"column":2},"end":{"line":363,"column":3}},"142":{"start":{"line":360,"column":4},"end":{"line":360,"column":16}},"143":{"start":{"line":361,"column":4},"end":{"line":362,"column":19}},"144":{"start":{"line":362,"column":6},"end":{"line":362,"column":19}},"145":{"start":{"line":364,"column":2},"end":{"line":364,"column":14}},"146":{"start":{"line":370,"column":0},"end":{"line":374,"column":2}},"147":{"start":{"line":371,"column":2},"end":{"line":373,"column":3}},"148":{"start":{"line":372,"column":4},"end":{"line":372,"column":73}},"149":{"start":{"line":376,"column":0},"end":{"line":376,"column":47}},"150":{"start":{"line":378,"column":2},"end":{"line":380,"column":3}},"151":{"start":{"line":379,"column":4},"end":{"line":379,"column":78}},"152":{"start":{"line":387,"column":0},"end":{"line":391,"column":2}},"153":{"start":{"line":388,"column":2},"end":{"line":390,"column":3}},"154":{"start":{"line":389,"column":4},"end":{"line":389,"column":63}},"155":{"start":{"line":396,"column":0},"end":{"line":400,"column":2}},"156":{"start":{"line":397,"column":2},"end":{"line":399,"column":3}},"157":{"start":{"line":398,"column":4},"end":{"line":398,"column":66}},"158":{"start":{"line":403,"column":2},"end":{"line":405,"column":3}},"159":{"start":{"line":404,"column":4},"end":{"line":404,"column":17}},"160":{"start":{"line":407,"column":2},"end":{"line":409,"column":3}},"161":{"start":{"line":408,"column":4},"end":{"line":408,"column":33}},"162":{"start":{"line":411,"column":2},"end":{"line":417,"column":3}},"163":{"start":{"line":412,"column":4},"end":{"line":414,"column":5}},"164":{"start":{"line":413,"column":6},"end":{"line":413,"column":18}},"165":{"start":{"line":419,"column":2},"end":{"line":421,"column":3}},"166":{"start":{"line":420,"column":4},"end":{"line":420,"column":17}},"167":{"start":{"line":423,"column":2},"end":{"line":423,"column":44}},"168":{"start":{"line":428,"column":2},"end":{"line":432,"column":3}},"169":{"start":{"line":429,"column":4},"end":{"line":429,"column":12}},"170":{"start":{"line":431,"column":4},"end":{"line":431,"column":14}},"171":{"start":{"line":433,"column":2},"end":{"line":433,"column":15}},"172":{"start":{"line":439,"column":2},"end":{"line":441,"column":3}},"173":{"start":{"line":440,"column":4},"end":{"line":440,"column":63}},"174":{"start":{"line":443,"column":2},"end":{"line":446,"column":3}},"175":{"start":{"line":444,"column":4},"end":{"line":444,"column":23}},"176":{"start":{"line":445,"column":4},"end":{"line":445,"column":20}},"177":{"start":{"line":448,"column":2},"end":{"line":448,"column":28}},"178":{"start":{"line":450,"column":2},"end":{"line":451,"column":44}},"179":{"start":{"line":453,"column":2},"end":{"line":455,"column":3}},"180":{"start":{"line":454,"column":4},"end":{"line":454,"column":67}},"181":{"start":{"line":457,"column":28},"end":{"line":457,"column":55}},"182":{"start":{"line":458,"column":28},"end":{"line":458,"column":64}},"183":{"start":{"line":459,"column":30},"end":{"line":459,"column":65}},"184":{"start":{"line":461,"column":2},"end":{"line":466,"column":3}},"185":{"start":{"line":465,"column":4},"end":{"line":465,"column":63}},"186":{"start":{"line":468,"column":2},"end":{"line":471,"column":3}},"187":{"start":{"line":470,"column":4},"end":{"line":470,"column":17}},"188":{"start":{"line":477,"column":0},"end":{"line":479,"column":2}},"189":{"start":{"line":478,"column":2},"end":{"line":478,"column":39}},"190":{"start":{"line":482,"column":0},"end":{"line":484,"column":2}},"191":{"start":{"line":483,"column":2},"end":{"line":483,"column":40}},"192":{"start":{"line":486,"column":0},"end":{"line":486,"column":55}},"193":{"start":{"line":486,"column":33},"end":{"line":486,"column":52}},"194":{"start":{"line":486,"column":42},"end":{"line":486,"column":52}},"195":{"start":{"line":490,"column":2},"end":{"line":490,"column":55}},"196":{"start":{"line":490,"column":14},"end":{"line":490,"column":55}},"197":{"start":{"line":492,"column":0},"end":{"line":497,"column":3}},"198":{"start":{"line":498,"column":0},"end":{"line":498,"column":37}},"199":{"start":{"line":500,"column":17},"end":{"line":506,"column":1}},"200":{"start":{"line":501,"column":13},"end":{"line":501,"column":15}},"201":{"start":{"line":502,"column":2},"end":{"line":504,"column":3}},"202":{"start":{"line":503,"column":4},"end":{"line":503,"column":46}},"203":{"start":{"line":503,"column":31},"end":{"line":503,"column":46}},"204":{"start":{"line":505,"column":2},"end":{"line":505,"column":14}}},"fnMap":{"0":{"name":"compare","decl":{"start":{"line":14,"column":9},"end":{"line":14,"column":16}},"loc":{"start":{"line":14,"column":23},"end":{"line":37,"column":1}},"line":14},"1":{"name":"isBuffer","decl":{"start":{"line":38,"column":9},"end":{"line":38,"column":17}},"loc":{"start":{"line":38,"column":21},"end":{"line":43,"column":1}},"line":38},"2":{"name":"(anonymous_2)","decl":{"start":{"line":76,"column":26},"end":{"line":76,"column":27}},"loc":{"start":{"line":76,"column":38},"end":{"line":78,"column":1}},"line":76},"3":{"name":"foo","decl":{"start":{"line":77,"column":18},"end":{"line":77,"column":21}},"loc":{"start":{"line":77,"column":24},"end":{"line":77,"column":26}},"line":77},"4":{"name":"pToString","decl":{"start":{"line":79,"column":9},"end":{"line":79,"column":18}},"loc":{"start":{"line":79,"column":25},"end":{"line":81,"column":1}},"line":79},"5":{"name":"isView","decl":{"start":{"line":82,"column":9},"end":{"line":82,"column":15}},"loc":{"start":{"line":82,"column":24},"end":{"line":102,"column":1}},"line":82},"6":{"name":"getName","decl":{"start":{"line":116,"column":9},"end":{"line":116,"column":16}},"loc":{"start":{"line":116,"column":23},"end":{"line":126,"column":1}},"line":116},"7":{"name":"AssertionError","decl":{"start":{"line":127,"column":33},"end":{"line":127,"column":47}},"loc":{"start":{"line":127,"column":57},"end":{"line":161,"column":1}},"line":127},"8":{"name":"truncate","decl":{"start":{"line":166,"column":9},"end":{"line":166,"column":17}},"loc":{"start":{"line":166,"column":24},"end":{"line":172,"column":1}},"line":166},"9":{"name":"inspect","decl":{"start":{"line":173,"column":9},"end":{"line":173,"column":16}},"loc":{"start":{"line":173,"column":28},"end":{"line":180,"column":1}},"line":173},"10":{"name":"getMessage","decl":{"start":{"line":181,"column":9},"end":{"line":181,"column":19}},"loc":{"start":{"line":181,"column":26},"end":{"line":185,"column":1}},"line":181},"11":{"name":"fail","decl":{"start":{"line":198,"column":9},"end":{"line":198,"column":13}},"loc":{"start":{"line":198,"column":71},"end":{"line":206,"column":1}},"line":198},"12":{"name":"ok","decl":{"start":{"line":218,"column":9},"end":{"line":218,"column":11}},"loc":{"start":{"line":218,"column":28},"end":{"line":220,"column":1}},"line":218},"13":{"name":"equal","decl":{"start":{"line":227,"column":24},"end":{"line":227,"column":29}},"loc":{"start":{"line":227,"column":57},"end":{"line":229,"column":1}},"line":227},"14":{"name":"notEqual","decl":{"start":{"line":234,"column":27},"end":{"line":234,"column":35}},"loc":{"start":{"line":234,"column":63},"end":{"line":238,"column":1}},"line":234},"15":{"name":"deepEqual","decl":{"start":{"line":243,"column":28},"end":{"line":243,"column":37}},"loc":{"start":{"line":243,"column":65},"end":{"line":247,"column":1}},"line":243},"16":{"name":"deepStrictEqual","decl":{"start":{"line":249,"column":34},"end":{"line":249,"column":49}},"loc":{"start":{"line":249,"column":77},"end":{"line":253,"column":1}},"line":249},"17":{"name":"_deepEqual","decl":{"start":{"line":255,"column":9},"end":{"line":255,"column":19}},"loc":{"start":{"line":255,"column":53},"end":{"line":319,"column":1}},"line":255},"18":{"name":"isArguments","decl":{"start":{"line":321,"column":9},"end":{"line":321,"column":20}},"loc":{"start":{"line":321,"column":29},"end":{"line":323,"column":1}},"line":321},"19":{"name":"objEquiv","decl":{"start":{"line":325,"column":9},"end":{"line":325,"column":17}},"loc":{"start":{"line":325,"column":54},"end":{"line":365,"column":1}},"line":325},"20":{"name":"notDeepEqual","decl":{"start":{"line":370,"column":31},"end":{"line":370,"column":43}},"loc":{"start":{"line":370,"column":71},"end":{"line":374,"column":1}},"line":370},"21":{"name":"notDeepStrictEqual","decl":{"start":{"line":377,"column":9},"end":{"line":377,"column":27}},"loc":{"start":{"line":377,"column":55},"end":{"line":381,"column":1}},"line":377},"22":{"name":"strictEqual","decl":{"start":{"line":387,"column":30},"end":{"line":387,"column":41}},"loc":{"start":{"line":387,"column":69},"end":{"line":391,"column":1}},"line":387},"23":{"name":"notStrictEqual","decl":{"start":{"line":396,"column":33},"end":{"line":396,"column":47}},"loc":{"start":{"line":396,"column":75},"end":{"line":400,"column":1}},"line":396},"24":{"name":"expectedException","decl":{"start":{"line":402,"column":9},"end":{"line":402,"column":26}},"loc":{"start":{"line":402,"column":45},"end":{"line":424,"column":1}},"line":402},"25":{"name":"_tryBlock","decl":{"start":{"line":426,"column":9},"end":{"line":426,"column":18}},"loc":{"start":{"line":426,"column":26},"end":{"line":434,"column":1}},"line":426},"26":{"name":"_throws","decl":{"start":{"line":436,"column":9},"end":{"line":436,"column":16}},"loc":{"start":{"line":436,"column":56},"end":{"line":472,"column":1}},"line":436},"27":{"name":"(anonymous_27)","decl":{"start":{"line":477,"column":16},"end":{"line":477,"column":17}},"loc":{"start":{"line":477,"column":72},"end":{"line":479,"column":1}},"line":477},"28":{"name":"(anonymous_28)","decl":{"start":{"line":482,"column":22},"end":{"line":482,"column":23}},"loc":{"start":{"line":482,"column":78},"end":{"line":484,"column":1}},"line":482},"29":{"name":"(anonymous_29)","decl":{"start":{"line":486,"column":17},"end":{"line":486,"column":18}},"loc":{"start":{"line":486,"column":31},"end":{"line":486,"column":54}},"line":486},"30":{"name":"strict","decl":{"start":{"line":489,"column":9},"end":{"line":489,"column":15}},"loc":{"start":{"line":489,"column":32},"end":{"line":491,"column":1}},"line":489},"31":{"name":"(anonymous_31)","decl":{"start":{"line":500,"column":32},"end":{"line":500,"column":33}},"loc":{"start":{"line":500,"column":47},"end":{"line":506,"column":1}},"line":500}},"branchMap":{"0":{"loc":{"start":{"line":15,"column":2},"end":{"line":17,"column":3}},"type":"if","locations":[{"start":{"line":15,"column":2},"end":{"line":17,"column":3}},{"start":{"line":15,"column":2},"end":{"line":17,"column":3}}],"line":15},"1":{"loc":{"start":{"line":23,"column":4},"end":{"line":27,"column":5}},"type":"if","locations":[{"start":{"line":23,"column":4},"end":{"line":27,"column":5}},{"start":{"line":23,"column":4},"end":{"line":27,"column":5}}],"line":23},"2":{"loc":{"start":{"line":30,"column":2},"end":{"line":32,"column":3}},"type":"if","locations":[{"start":{"line":30,"column":2},"end":{"line":32,"column":3}},{"start":{"line":30,"column":2},"end":{"line":32,"column":3}}],"line":30},"3":{"loc":{"start":{"line":33,"column":2},"end":{"line":35,"column":3}},"type":"if","locations":[{"start":{"line":33,"column":2},"end":{"line":35,"column":3}},{"start":{"line":33,"column":2},"end":{"line":35,"column":3}}],"line":33},"4":{"loc":{"start":{"line":39,"column":2},"end":{"line":41,"column":3}},"type":"if","locations":[{"start":{"line":39,"column":2},"end":{"line":41,"column":3}},{"start":{"line":39,"column":2},"end":{"line":41,"column":3}}],"line":39},"5":{"loc":{"start":{"line":39,"column":6},"end":{"line":39,"column":67}},"type":"binary-expr","locations":[{"start":{"line":39,"column":6},"end":{"line":39,"column":19}},{"start":{"line":39,"column":23},"end":{"line":39,"column":67}}],"line":39},"6":{"loc":{"start":{"line":42,"column":12},"end":{"line":42,"column":36}},"type":"binary-expr","locations":[{"start":{"line":42,"column":12},"end":{"line":42,"column":21}},{"start":{"line":42,"column":25},"end":{"line":42,"column":36}}],"line":42},"7":{"loc":{"start":{"line":83,"column":2},"end":{"line":85,"column":3}},"type":"if","locations":[{"start":{"line":83,"column":2},"end":{"line":85,"column":3}},{"start":{"line":83,"column":2},"end":{"line":85,"column":3}}],"line":83},"8":{"loc":{"start":{"line":86,"column":2},"end":{"line":88,"column":3}},"type":"if","locations":[{"start":{"line":86,"column":2},"end":{"line":88,"column":3}},{"start":{"line":86,"column":2},"end":{"line":88,"column":3}}],"line":86},"9":{"loc":{"start":{"line":89,"column":2},"end":{"line":91,"column":3}},"type":"if","locations":[{"start":{"line":89,"column":2},"end":{"line":91,"column":3}},{"start":{"line":89,"column":2},"end":{"line":91,"column":3}}],"line":89},"10":{"loc":{"start":{"line":92,"column":2},"end":{"line":94,"column":3}},"type":"if","locations":[{"start":{"line":92,"column":2},"end":{"line":94,"column":3}},{"start":{"line":92,"column":2},"end":{"line":94,"column":3}}],"line":92},"11":{"loc":{"start":{"line":95,"column":2},"end":{"line":97,"column":3}},"type":"if","locations":[{"start":{"line":95,"column":2},"end":{"line":97,"column":3}},{"start":{"line":95,"column":2},"end":{"line":97,"column":3}}],"line":95},"12":{"loc":{"start":{"line":98,"column":2},"end":{"line":100,"column":3}},"type":"if","locations":[{"start":{"line":98,"column":2},"end":{"line":100,"column":3}},{"start":{"line":98,"column":2},"end":{"line":100,"column":3}}],"line":98},"13":{"loc":{"start":{"line":98,"column":6},"end":{"line":98,"column":59}},"type":"binary-expr","locations":[{"start":{"line":98,"column":6},"end":{"line":98,"column":19}},{"start":{"line":98,"column":23},"end":{"line":98,"column":59}}],"line":98},"14":{"loc":{"start":{"line":117,"column":2},"end":{"line":119,"column":3}},"type":"if","locations":[{"start":{"line":117,"column":2},"end":{"line":119,"column":3}},{"start":{"line":117,"column":2},"end":{"line":119,"column":3}}],"line":117},"15":{"loc":{"start":{"line":120,"column":2},"end":{"line":122,"column":3}},"type":"if","locations":[{"start":{"line":120,"column":2},"end":{"line":122,"column":3}},{"start":{"line":120,"column":2},"end":{"line":122,"column":3}}],"line":120},"16":{"loc":{"start":{"line":125,"column":9},"end":{"line":125,"column":26}},"type":"binary-expr","locations":[{"start":{"line":125,"column":9},"end":{"line":125,"column":14}},{"start":{"line":125,"column":18},"end":{"line":125,"column":26}}],"line":125},"17":{"loc":{"start":{"line":132,"column":2},"end":{"line":138,"column":3}},"type":"if","locations":[{"start":{"line":132,"column":2},"end":{"line":138,"column":3}},{"start":{"line":132,"column":2},"end":{"line":138,"column":3}}],"line":132},"18":{"loc":{"start":{"line":139,"column":27},"end":{"line":139,"column":61}},"type":"binary-expr","locations":[{"start":{"line":139,"column":27},"end":{"line":139,"column":53}},{"start":{"line":139,"column":57},"end":{"line":139,"column":61}}],"line":139},"19":{"loc":{"start":{"line":140,"column":2},"end":{"line":160,"column":3}},"type":"if","locations":[{"start":{"line":140,"column":2},"end":{"line":160,"column":3}},{"start":{"line":140,"column":2},"end":{"line":160,"column":3}}],"line":140},"20":{"loc":{"start":{"line":145,"column":4},"end":{"line":159,"column":5}},"type":"if","locations":[{"start":{"line":145,"column":4},"end":{"line":159,"column":5}},{"start":{"line":145,"column":4},"end":{"line":159,"column":5}}],"line":145},"21":{"loc":{"start":{"line":151,"column":6},"end":{"line":156,"column":7}},"type":"if","locations":[{"start":{"line":151,"column":6},"end":{"line":156,"column":7}},{"start":{"line":151,"column":6},"end":{"line":156,"column":7}}],"line":151},"22":{"loc":{"start":{"line":167,"column":2},"end":{"line":171,"column":3}},"type":"if","locations":[{"start":{"line":167,"column":2},"end":{"line":171,"column":3}},{"start":{"line":167,"column":2},"end":{"line":171,"column":3}}],"line":167},"23":{"loc":{"start":{"line":168,"column":11},"end":{"line":168,"column":43}},"type":"cond-expr","locations":[{"start":{"line":168,"column":26},"end":{"line":168,"column":27}},{"start":{"line":168,"column":30},"end":{"line":168,"column":43}}],"line":168},"24":{"loc":{"start":{"line":174,"column":2},"end":{"line":176,"column":3}},"type":"if","locations":[{"start":{"line":174,"column":2},"end":{"line":176,"column":3}},{"start":{"line":174,"column":2},"end":{"line":176,"column":3}}],"line":174},"25":{"loc":{"start":{"line":174,"column":6},"end":{"line":174,"column":55}},"type":"binary-expr","locations":[{"start":{"line":174,"column":6},"end":{"line":174,"column":24}},{"start":{"line":174,"column":28},"end":{"line":174,"column":55}}],"line":174},"26":{"loc":{"start":{"line":178,"column":13},"end":{"line":178,"column":42}},"type":"cond-expr","locations":[{"start":{"line":178,"column":23},"end":{"line":178,"column":37}},{"start":{"line":178,"column":40},"end":{"line":178,"column":42}}],"line":178},"27":{"loc":{"start":{"line":219,"column":2},"end":{"line":219,"column":58}},"type":"if","locations":[{"start":{"line":219,"column":2},"end":{"line":219,"column":58}},{"start":{"line":219,"column":2},"end":{"line":219,"column":58}}],"line":219},"28":{"loc":{"start":{"line":228,"column":2},"end":{"line":228,"column":78}},"type":"if","locations":[{"start":{"line":228,"column":2},"end":{"line":228,"column":78}},{"start":{"line":228,"column":2},"end":{"line":228,"column":78}}],"line":228},"29":{"loc":{"start":{"line":235,"column":2},"end":{"line":237,"column":3}},"type":"if","locations":[{"start":{"line":235,"column":2},"end":{"line":237,"column":3}},{"start":{"line":235,"column":2},"end":{"line":237,"column":3}}],"line":235},"30":{"loc":{"start":{"line":244,"column":2},"end":{"line":246,"column":3}},"type":"if","locations":[{"start":{"line":244,"column":2},"end":{"line":246,"column":3}},{"start":{"line":244,"column":2},"end":{"line":246,"column":3}}],"line":244},"31":{"loc":{"start":{"line":250,"column":2},"end":{"line":252,"column":3}},"type":"if","locations":[{"start":{"line":250,"column":2},"end":{"line":252,"column":3}},{"start":{"line":250,"column":2},"end":{"line":252,"column":3}}],"line":250},"32":{"loc":{"start":{"line":257,"column":2},"end":{"line":318,"column":3}},"type":"if","locations":[{"start":{"line":257,"column":2},"end":{"line":318,"column":3}},{"start":{"line":257,"column":2},"end":{"line":318,"column":3}}],"line":257},"33":{"loc":{"start":{"line":259,"column":9},"end":{"line":318,"column":3}},"type":"if","locations":[{"start":{"line":259,"column":9},"end":{"line":318,"column":3}},{"start":{"line":259,"column":9},"end":{"line":318,"column":3}}],"line":259},"34":{"loc":{"start":{"line":259,"column":13},"end":{"line":259,"column":51}},"type":"binary-expr","locations":[{"start":{"line":259,"column":13},"end":{"line":259,"column":29}},{"start":{"line":259,"column":33},"end":{"line":259,"column":51}}],"line":259},"35":{"loc":{"start":{"line":264,"column":9},"end":{"line":318,"column":3}},"type":"if","locations":[{"start":{"line":264,"column":9},"end":{"line":318,"column":3}},{"start":{"line":264,"column":9},"end":{"line":318,"column":3}}],"line":264},"36":{"loc":{"start":{"line":264,"column":13},"end":{"line":264,"column":57}},"type":"binary-expr","locations":[{"start":{"line":264,"column":13},"end":{"line":264,"column":32}},{"start":{"line":264,"column":36},"end":{"line":264,"column":57}}],"line":264},"37":{"loc":{"start":{"line":270,"column":9},"end":{"line":318,"column":3}},"type":"if","locations":[{"start":{"line":270,"column":9},"end":{"line":318,"column":3}},{"start":{"line":270,"column":9},"end":{"line":318,"column":3}}],"line":270},"38":{"loc":{"start":{"line":270,"column":13},"end":{"line":270,"column":61}},"type":"binary-expr","locations":[{"start":{"line":270,"column":13},"end":{"line":270,"column":34}},{"start":{"line":270,"column":38},"end":{"line":270,"column":61}}],"line":270},"39":{"loc":{"start":{"line":271,"column":11},"end":{"line":275,"column":52}},"type":"binary-expr","locations":[{"start":{"line":271,"column":11},"end":{"line":271,"column":44}},{"start":{"line":272,"column":11},"end":{"line":272,"column":44}},{"start":{"line":273,"column":11},"end":{"line":273,"column":50}},{"start":{"line":274,"column":11},"end":{"line":274,"column":50}},{"start":{"line":275,"column":11},"end":{"line":275,"column":52}}],"line":271},"40":{"loc":{"start":{"line":279,"column":9},"end":{"line":318,"column":3}},"type":"if","locations":[{"start":{"line":279,"column":9},"end":{"line":318,"column":3}},{"start":{"line":279,"column":9},"end":{"line":318,"column":3}}],"line":279},"41":{"loc":{"start":{"line":279,"column":13},"end":{"line":280,"column":64}},"type":"binary-expr","locations":[{"start":{"line":279,"column":14},"end":{"line":279,"column":29}},{"start":{"line":279,"column":33},"end":{"line":279,"column":59}},{"start":{"line":280,"column":14},"end":{"line":280,"column":31}},{"start":{"line":280,"column":35},"end":{"line":280,"column":63}}],"line":279},"42":{"loc":{"start":{"line":281,"column":11},"end":{"line":281,"column":60}},"type":"cond-expr","locations":[{"start":{"line":281,"column":20},"end":{"line":281,"column":39}},{"start":{"line":281,"column":42},"end":{"line":281,"column":60}}],"line":281},"43":{"loc":{"start":{"line":289,"column":9},"end":{"line":318,"column":3}},"type":"if","locations":[{"start":{"line":289,"column":9},"end":{"line":318,"column":3}},{"start":{"line":289,"column":9},"end":{"line":318,"column":3}}],"line":289},"44":{"loc":{"start":{"line":289,"column":13},"end":{"line":292,"column":46}},"type":"binary-expr","locations":[{"start":{"line":289,"column":13},"end":{"line":289,"column":27}},{"start":{"line":289,"column":31},"end":{"line":289,"column":47}},{"start":{"line":290,"column":13},"end":{"line":290,"column":54}},{"start":{"line":291,"column":13},"end":{"line":292,"column":46}}],"line":289},"45":{"loc":{"start":{"line":291,"column":15},"end":{"line":292,"column":45}},"type":"binary-expr","locations":[{"start":{"line":291,"column":15},"end":{"line":291,"column":45}},{"start":{"line":292,"column":15},"end":{"line":292,"column":45}}],"line":291},"46":{"loc":{"start":{"line":302,"column":9},"end":{"line":318,"column":3}},"type":"if","locations":[{"start":{"line":302,"column":9},"end":{"line":318,"column":3}},{"start":{"line":302,"column":9},"end":{"line":318,"column":3}}],"line":302},"47":{"loc":{"start":{"line":305,"column":12},"end":{"line":305,"column":47}},"type":"binary-expr","locations":[{"start":{"line":305,"column":12},"end":{"line":305,"column":17}},{"start":{"line":305,"column":21},"end":{"line":305,"column":47}}],"line":305},"48":{"loc":{"start":{"line":308,"column":4},"end":{"line":312,"column":5}},"type":"if","locations":[{"start":{"line":308,"column":4},"end":{"line":312,"column":5}},{"start":{"line":308,"column":4},"end":{"line":312,"column":5}}],"line":308},"49":{"loc":{"start":{"line":309,"column":6},"end":{"line":311,"column":7}},"type":"if","locations":[{"start":{"line":309,"column":6},"end":{"line":311,"column":7}},{"start":{"line":309,"column":6},"end":{"line":311,"column":7}}],"line":309},"50":{"loc":{"start":{"line":326,"column":2},"end":{"line":327,"column":17}},"type":"if","locations":[{"start":{"line":326,"column":2},"end":{"line":327,"column":17}},{"start":{"line":326,"column":2},"end":{"line":327,"column":17}}],"line":326},"51":{"loc":{"start":{"line":326,"column":6},"end":{"line":326,"column":68}},"type":"binary-expr","locations":[{"start":{"line":326,"column":6},"end":{"line":326,"column":16}},{"start":{"line":326,"column":20},"end":{"line":326,"column":35}},{"start":{"line":326,"column":39},"end":{"line":326,"column":49}},{"start":{"line":326,"column":53},"end":{"line":326,"column":68}}],"line":326},"52":{"loc":{"start":{"line":329,"column":2},"end":{"line":330,"column":19}},"type":"if","locations":[{"start":{"line":329,"column":2},"end":{"line":330,"column":19}},{"start":{"line":329,"column":2},"end":{"line":330,"column":19}}],"line":329},"53":{"loc":{"start":{"line":329,"column":6},"end":{"line":329,"column":48}},"type":"binary-expr","locations":[{"start":{"line":329,"column":6},"end":{"line":329,"column":25}},{"start":{"line":329,"column":29},"end":{"line":329,"column":48}}],"line":329},"54":{"loc":{"start":{"line":331,"column":2},"end":{"line":332,"column":17}},"type":"if","locations":[{"start":{"line":331,"column":2},"end":{"line":332,"column":17}},{"start":{"line":331,"column":2},"end":{"line":332,"column":17}}],"line":331},"55":{"loc":{"start":{"line":331,"column":6},"end":{"line":331,"column":69}},"type":"binary-expr","locations":[{"start":{"line":331,"column":6},"end":{"line":331,"column":12}},{"start":{"line":331,"column":16},"end":{"line":331,"column":69}}],"line":331},"56":{"loc":{"start":{"line":335,"column":2},"end":{"line":336,"column":17}},"type":"if","locations":[{"start":{"line":335,"column":2},"end":{"line":336,"column":17}},{"start":{"line":335,"column":2},"end":{"line":336,"column":17}}],"line":335},"57":{"loc":{"start":{"line":335,"column":6},"end":{"line":335,"column":52}},"type":"binary-expr","locations":[{"start":{"line":335,"column":7},"end":{"line":335,"column":14}},{"start":{"line":335,"column":18},"end":{"line":335,"column":26}},{"start":{"line":335,"column":32},"end":{"line":335,"column":40}},{"start":{"line":335,"column":44},"end":{"line":335,"column":51}}],"line":335},"58":{"loc":{"start":{"line":337,"column":2},"end":{"line":341,"column":3}},"type":"if","locations":[{"start":{"line":337,"column":2},"end":{"line":341,"column":3}},{"start":{"line":337,"column":2},"end":{"line":341,"column":3}}],"line":337},"59":{"loc":{"start":{"line":347,"column":2},"end":{"line":348,"column":17}},"type":"if","locations":[{"start":{"line":347,"column":2},"end":{"line":348,"column":17}},{"start":{"line":347,"column":2},"end":{"line":348,"column":17}}],"line":347},"60":{"loc":{"start":{"line":354,"column":4},"end":{"line":355,"column":19}},"type":"if","locations":[{"start":{"line":354,"column":4},"end":{"line":355,"column":19}},{"start":{"line":354,"column":4},"end":{"line":355,"column":19}}],"line":354},"61":{"loc":{"start":{"line":361,"column":4},"end":{"line":362,"column":19}},"type":"if","locations":[{"start":{"line":361,"column":4},"end":{"line":362,"column":19}},{"start":{"line":361,"column":4},"end":{"line":362,"column":19}}],"line":361},"62":{"loc":{"start":{"line":371,"column":2},"end":{"line":373,"column":3}},"type":"if","locations":[{"start":{"line":371,"column":2},"end":{"line":373,"column":3}},{"start":{"line":371,"column":2},"end":{"line":373,"column":3}}],"line":371},"63":{"loc":{"start":{"line":378,"column":2},"end":{"line":380,"column":3}},"type":"if","locations":[{"start":{"line":378,"column":2},"end":{"line":380,"column":3}},{"start":{"line":378,"column":2},"end":{"line":380,"column":3}}],"line":378},"64":{"loc":{"start":{"line":388,"column":2},"end":{"line":390,"column":3}},"type":"if","locations":[{"start":{"line":388,"column":2},"end":{"line":390,"column":3}},{"start":{"line":388,"column":2},"end":{"line":390,"column":3}}],"line":388},"65":{"loc":{"start":{"line":397,"column":2},"end":{"line":399,"column":3}},"type":"if","locations":[{"start":{"line":397,"column":2},"end":{"line":399,"column":3}},{"start":{"line":397,"column":2},"end":{"line":399,"column":3}}],"line":397},"66":{"loc":{"start":{"line":403,"column":2},"end":{"line":405,"column":3}},"type":"if","locations":[{"start":{"line":403,"column":2},"end":{"line":405,"column":3}},{"start":{"line":403,"column":2},"end":{"line":405,"column":3}}],"line":403},"67":{"loc":{"start":{"line":403,"column":6},"end":{"line":403,"column":26}},"type":"binary-expr","locations":[{"start":{"line":403,"column":6},"end":{"line":403,"column":13}},{"start":{"line":403,"column":17},"end":{"line":403,"column":26}}],"line":403},"68":{"loc":{"start":{"line":407,"column":2},"end":{"line":409,"column":3}},"type":"if","locations":[{"start":{"line":407,"column":2},"end":{"line":409,"column":3}},{"start":{"line":407,"column":2},"end":{"line":409,"column":3}}],"line":407},"69":{"loc":{"start":{"line":412,"column":4},"end":{"line":414,"column":5}},"type":"if","locations":[{"start":{"line":412,"column":4},"end":{"line":414,"column":5}},{"start":{"line":412,"column":4},"end":{"line":414,"column":5}}],"line":412},"70":{"loc":{"start":{"line":419,"column":2},"end":{"line":421,"column":3}},"type":"if","locations":[{"start":{"line":419,"column":2},"end":{"line":421,"column":3}},{"start":{"line":419,"column":2},"end":{"line":421,"column":3}}],"line":419},"71":{"loc":{"start":{"line":439,"column":2},"end":{"line":441,"column":3}},"type":"if","locations":[{"start":{"line":439,"column":2},"end":{"line":441,"column":3}},{"start":{"line":439,"column":2},"end":{"line":441,"column":3}}],"line":439},"72":{"loc":{"start":{"line":443,"column":2},"end":{"line":446,"column":3}},"type":"if","locations":[{"start":{"line":443,"column":2},"end":{"line":446,"column":3}},{"start":{"line":443,"column":2},"end":{"line":446,"column":3}}],"line":443},"73":{"loc":{"start":{"line":450,"column":13},"end":{"line":450,"column":74}},"type":"cond-expr","locations":[{"start":{"line":450,"column":41},"end":{"line":450,"column":68}},{"start":{"line":450,"column":71},"end":{"line":450,"column":74}}],"line":450},"74":{"loc":{"start":{"line":450,"column":13},"end":{"line":450,"column":38}},"type":"binary-expr","locations":[{"start":{"line":450,"column":13},"end":{"line":450,"column":21}},{"start":{"line":450,"column":25},"end":{"line":450,"column":38}}],"line":450},"75":{"loc":{"start":{"line":451,"column":13},"end":{"line":451,"column":42}},"type":"cond-expr","locations":[{"start":{"line":451,"column":23},"end":{"line":451,"column":36}},{"start":{"line":451,"column":39},"end":{"line":451,"column":42}}],"line":451},"76":{"loc":{"start":{"line":453,"column":2},"end":{"line":455,"column":3}},"type":"if","locations":[{"start":{"line":453,"column":2},"end":{"line":455,"column":3}},{"start":{"line":453,"column":2},"end":{"line":455,"column":3}}],"line":453},"77":{"loc":{"start":{"line":453,"column":6},"end":{"line":453,"column":28}},"type":"binary-expr","locations":[{"start":{"line":453,"column":6},"end":{"line":453,"column":17}},{"start":{"line":453,"column":21},"end":{"line":453,"column":28}}],"line":453},"78":{"loc":{"start":{"line":458,"column":28},"end":{"line":458,"column":64}},"type":"binary-expr","locations":[{"start":{"line":458,"column":28},"end":{"line":458,"column":40}},{"start":{"line":458,"column":44},"end":{"line":458,"column":64}}],"line":458},"79":{"loc":{"start":{"line":459,"column":30},"end":{"line":459,"column":65}},"type":"binary-expr","locations":[{"start":{"line":459,"column":30},"end":{"line":459,"column":42}},{"start":{"line":459,"column":46},"end":{"line":459,"column":52}},{"start":{"line":459,"column":56},"end":{"line":459,"column":65}}],"line":459},"80":{"loc":{"start":{"line":461,"column":2},"end":{"line":466,"column":3}},"type":"if","locations":[{"start":{"line":461,"column":2},"end":{"line":466,"column":3}},{"start":{"line":461,"column":2},"end":{"line":466,"column":3}}],"line":461},"81":{"loc":{"start":{"line":461,"column":6},"end":{"line":464,"column":27}},"type":"binary-expr","locations":[{"start":{"line":461,"column":7},"end":{"line":461,"column":26}},{"start":{"line":462,"column":6},"end":{"line":462,"column":25}},{"start":{"line":463,"column":6},"end":{"line":463,"column":41}},{"start":{"line":464,"column":6},"end":{"line":464,"column":27}}],"line":461},"82":{"loc":{"start":{"line":468,"column":2},"end":{"line":471,"column":3}},"type":"if","locations":[{"start":{"line":468,"column":2},"end":{"line":471,"column":3}},{"start":{"line":468,"column":2},"end":{"line":471,"column":3}}],"line":468},"83":{"loc":{"start":{"line":468,"column":6},"end":{"line":469,"column":71}},"type":"binary-expr","locations":[{"start":{"line":468,"column":7},"end":{"line":468,"column":18}},{"start":{"line":468,"column":22},"end":{"line":468,"column":28}},{"start":{"line":468,"column":32},"end":{"line":468,"column":40}},{"start":{"line":469,"column":6},"end":{"line":469,"column":42}},{"start":{"line":469,"column":48},"end":{"line":469,"column":60}},{"start":{"line":469,"column":64},"end":{"line":469,"column":70}}],"line":468},"84":{"loc":{"start":{"line":486,"column":33},"end":{"line":486,"column":52}},"type":"if","locations":[{"start":{"line":486,"column":33},"end":{"line":486,"column":52}},{"start":{"line":486,"column":33},"end":{"line":486,"column":52}}],"line":486},"85":{"loc":{"start":{"line":490,"column":2},"end":{"line":490,"column":55}},"type":"if","locations":[{"start":{"line":490,"column":2},"end":{"line":490,"column":55}},{"start":{"line":490,"column":2},"end":{"line":490,"column":55}}],"line":490},"86":{"loc":{"start":{"line":500,"column":17},"end":{"line":506,"column":1}},"type":"binary-expr","locations":[{"start":{"line":500,"column":17},"end":{"line":500,"column":28}},{"start":{"line":500,"column":32},"end":{"line":506,"column":1}}],"line":500},"87":{"loc":{"start":{"line":503,"column":4},"end":{"line":503,"column":46}},"type":"if","locations":[{"start":{"line":503,"column":4},"end":{"line":503,"column":46}},{"start":{"line":503,"column":4},"end":{"line":503,"column":46}}],"line":503}},"s":{"0":1,"1":0,"2":0,"3":0,"4":0,"5":0,"6":0,"7":0,"8":0,"9":0,"10":0,"11":0,"12":0,"13":0,"14":0,"15":20,"16":0,"17":20,"18":1,"19":1,"20":1,"21":1,"22":1,"23":0,"24":5,"25":0,"26":5,"27":0,"28":5,"29":5,"30":0,"31":0,"32":0,"33":0,"34":0,"35":0,"36":0,"37":1,"38":1,"39":0,"40":0,"41":0,"42":0,"43":0,"44":0,"45":0,"46":1,"47":0,"48":0,"49":0,"50":0,"51":0,"52":0,"53":0,"54":0,"55":0,"56":0,"57":0,"58":0,"59":0,"60":0,"61":0,"62":0,"63":0,"64":0,"65":0,"66":0,"67":0,"68":1,"69":0,"70":0,"71":0,"72":0,"73":0,"74":0,"75":0,"76":0,"77":0,"78":0,"79":1,"80":4,"81":0,"82":1,"83":1,"84":5,"85":0,"86":1,"87":0,"88":0,"89":1,"90":4,"91":0,"92":1,"93":0,"94":0,"95":17,"96":12,"97":5,"98":0,"99":5,"100":0,"101":5,"102":0,"103":5,"104":0,"105":5,"106":0,"107":5,"108":0,"109":5,"110":5,"111":5,"112":0,"113":0,"114":5,"115":5,"116":5,"117":10,"118":5,"119":0,"120":5,"121":0,"122":5,"123":0,"124":5,"125":5,"126":5,"127":0,"128":5,"129":0,"130":0,"131":0,"132":5,"133":5,"134":5,"135":0,"136":5,"137":5,"138":5,"139":13,"140":0,"141":5,"142":13,"143":13,"144":0,"145":5,"146":1,"147":0,"148":0,"149":1,"150":0,"151":0,"152":1,"153":5,"154":0,"155":1,"156":0,"157":0,"158":0,"159":0,"160":0,"161":0,"162":0,"163":0,"164":0,"165":0,"166":0,"167":0,"168":0,"169":0,"170":0,"171":0,"172":0,"173":0,"174":0,"175":0,"176":0,"177":0,"178":0,"179":0,"180":0,"181":0,"182":0,"183":0,"184":0,"185":0,"186":0,"187":0,"188":1,"189":0,"190":1,"191":0,"192":1,"193":0,"194":0,"195":0,"196":0,"197":1,"198":1,"199":1,"200":0,"201":0,"202":0,"203":0,"204":0},"f":{"0":0,"1":20,"2":1,"3":0,"4":0,"5":5,"6":0,"7":0,"8":0,"9":0,"10":0,"11":0,"12":4,"13":5,"14":0,"15":4,"16":0,"17":17,"18":10,"19":5,"20":0,"21":0,"22":5,"23":0,"24":0,"25":0,"26":0,"27":0,"28":0,"29":0,"30":0,"31":0},"b":{"0":[0,0],"1":[0,0],"2":[0,0],"3":[0,0],"4":[0,20],"5":[20,0],"6":[20,20],"7":[0,5],"8":[0,5],"9":[5,0],"10":[0,0],"11":[0,0],"12":[0,0],"13":[0,0],"14":[0,0],"15":[0,0],"16":[0,0],"17":[0,0],"18":[0,0],"19":[0,0],"20":[0,0],"21":[0,0],"22":[0,0],"23":[0,0],"24":[0,0],"25":[0,0],"26":[0,0],"27":[0,4],"28":[0,5],"29":[0,0],"30":[0,4],"31":[0,0],"32":[12,5],"33":[0,5],"34":[5,0],"35":[0,5],"36":[5,0],"37":[0,5],"38":[5,0],"39":[0,0,0,0,0],"40":[0,5],"41":[5,5,0,0],"42":[0,0],"43":[0,5],"44":[5,0,0,0],"45":[0,0],"46":[0,5],"47":[5,4],"48":[0,5],"49":[0,0],"50":[0,5],"51":[5,5,5,5],"52":[0,5],"53":[5,5],"54":[0,5],"55":[5,0],"56":[0,5],"57":[5,0,5,5],"58":[0,5],"59":[0,5],"60":[0,13],"61":[0,13],"62":[0,0],"63":[0,0],"64":[0,5],"65":[0,0],"66":[0,0],"67":[0,0],"68":[0,0],"69":[0,0],"70":[0,0],"71":[0,0],"72":[0,0],"73":[0,0],"74":[0,0],"75":[0,0],"76":[0,0],"77":[0,0],"78":[0,0],"79":[0,0,0],"80":[0,0],"81":[0,0,0,0],"82":[0,0],"83":[0,0,0,0,0,0],"84":[0,0],"85":[0,0],"86":[1,0],"87":[0,0]},"_coverageSchema":"332fd63041d2c1bcb487cc26dd0d5f7d97098a6c","hash":"938a4fb33f35d4e236f5474d58fc72d2b95ea202"},"/Users/daffl/Development/feathersjs/feathers/packages/client/index.js":{"path":"/Users/daffl/Development/feathersjs/feathers/packages/client/index.js","statementMap":{"0":{"start":{"line":3,"column":0},"end":{"line":5,"column":3}},"1":{"start":{"line":7,"column":14},"end":{"line":7,"column":268}},"2":{"start":{"line":7,"column":101},"end":{"line":7,"column":119}},"3":{"start":{"line":7,"column":141},"end":{"line":7,"column":266}},"4":{"start":{"line":9,"column":21},"end":{"line":9,"column":663}},"5":{"start":{"line":9,"column":79},"end":{"line":9,"column":81}},"6":{"start":{"line":9,"column":92},"end":{"line":9,"column":96}},"7":{"start":{"line":9,"column":107},"end":{"line":9,"column":112}},"8":{"start":{"line":9,"column":123},"end":{"line":9,"column":132}},"9":{"start":{"line":9,"column":134},"end":{"line":9,"column":413}},"10":{"start":{"line":9,"column":140},"end":{"line":9,"column":283}},"11":{"start":{"line":9,"column":226},"end":{"line":9,"column":246}},"12":{"start":{"line":9,"column":247},"end":{"line":9,"column":281}},"13":{"start":{"line":9,"column":275},"end":{"line":9,"column":281}},"14":{"start":{"line":9,"column":300},"end":{"line":9,"column":310}},"15":{"start":{"line":9,"column":311},"end":{"line":9,"column":320}},"16":{"start":{"line":9,"column":333},"end":{"line":9,"column":411}},"17":{"start":{"line":9,"column":339},"end":{"line":9,"column":379}},"18":{"start":{"line":9,"column":364},"end":{"line":9,"column":379}},"19":{"start":{"line":9,"column":392},"end":{"line":9,"column":409}},"20":{"start":{"line":9,"column":400},"end":{"line":9,"column":409}},"21":{"start":{"line":9,"column":414},"end":{"line":9,"column":426}},"22":{"start":{"line":9,"column":429},"end":{"line":9,"column":659}},"23":{"start":{"line":9,"column":456},"end":{"line":9,"column":656}},"24":{"start":{"line":9,"column":482},"end":{"line":9,"column":493}},"25":{"start":{"line":9,"column":501},"end":{"line":9,"column":656}},"26":{"start":{"line":9,"column":539},"end":{"line":9,"column":568}},"27":{"start":{"line":9,"column":578},"end":{"line":9,"column":654}},"28":{"start":{"line":11,"column":0},"end":{"line":11,"column":23}},"29":{"start":{"line":12,"column":0},"end":{"line":12,"column":26}},"30":{"start":{"line":13,"column":0},"end":{"line":13,"column":32}},"31":{"start":{"line":23,"column":19},"end":{"line":23,"column":42}},"32":{"start":{"line":24,"column":2},"end":{"line":26,"column":4}},"33":{"start":{"line":25,"column":4},"end":{"line":25,"column":64}},"34":{"start":{"line":32,"column":14},"end":{"line":32,"column":34}},"35":{"start":{"line":33,"column":15},"end":{"line":33,"column":36}},"36":{"start":{"line":34,"column":17},"end":{"line":34,"column":40}},"37":{"start":{"line":37,"column":2},"end":{"line":37,"column":55}},"38":{"start":{"line":40,"column":15},"end":{"line":55,"column":1}},"39":{"start":{"line":41,"column":2},"end":{"line":54,"column":4}},"40":{"start":{"line":42,"column":4},"end":{"line":51,"column":5}},"41":{"start":{"line":43,"column":6},"end":{"line":50,"column":10}},"42":{"start":{"line":44,"column":20},"end":{"line":44,"column":43}},"43":{"start":{"line":45,"column":20},"end":{"line":45,"column":28}},"44":{"start":{"line":46,"column":18},"end":{"line":46,"column":26}},"45":{"start":{"line":47,"column":25},"end":{"line":47,"column":33}},"46":{"start":{"line":49,"column":8},"end":{"line":49,"column":59}},"47":{"start":{"line":53,"column":4},"end":{"line":53,"column":62}},"48":{"start":{"line":60,"column":9},"end":{"line":70,"column":2}},"49":{"start":{"line":61,"column":2},"end":{"line":69,"column":4}},"50":{"start":{"line":62,"column":4},"end":{"line":64,"column":5}},"51":{"start":{"line":63,"column":6},"end":{"line":63,"column":47}},"52":{"start":{"line":65,"column":4},"end":{"line":67,"column":5}},"53":{"start":{"line":66,"column":6},"end":{"line":66,"column":65}},"54":{"start":{"line":66,"column":53},"end":{"line":66,"column":65}},"55":{"start":{"line":68,"column":4},"end":{"line":68,"column":17}},"56":{"start":{"line":76,"column":2},"end":{"line":84,"column":4}},"57":{"start":{"line":77,"column":4},"end":{"line":79,"column":5}},"58":{"start":{"line":78,"column":6},"end":{"line":78,"column":64}},"59":{"start":{"line":80,"column":4},"end":{"line":82,"column":5}},"60":{"start":{"line":81,"column":6},"end":{"line":81,"column":86}},"61":{"start":{"line":81,"column":73},"end":{"line":81,"column":86}},"62":{"start":{"line":83,"column":4},"end":{"line":83,"column":16}},"63":{"start":{"line":88,"column":2},"end":{"line":88,"column":86}},"64":{"start":{"line":91,"column":25},"end":{"line":254,"column":1}},"65":{"start":{"line":96,"column":4},"end":{"line":96,"column":23}},"66":{"start":{"line":103,"column":4},"end":{"line":103,"column":23}},"67":{"start":{"line":110,"column":4},"end":{"line":110,"column":23}},"68":{"start":{"line":117,"column":4},"end":{"line":117,"column":23}},"69":{"start":{"line":124,"column":4},"end":{"line":124,"column":23}},"70":{"start":{"line":131,"column":4},"end":{"line":131,"column":23}},"71":{"start":{"line":138,"column":4},"end":{"line":138,"column":23}},"72":{"start":{"line":145,"column":4},"end":{"line":145,"column":23}},"73":{"start":{"line":153,"column":4},"end":{"line":153,"column":23}},"74":{"start":{"line":160,"column":4},"end":{"line":160,"column":40}},"75":{"start":{"line":167,"column":4},"end":{"line":167,"column":27}},"76":{"start":{"line":174,"column":4},"end":{"line":174,"column":86}},"77":{"start":{"line":181,"column":4},"end":{"line":181,"column":54}},"78":{"start":{"line":188,"column":4},"end":{"line":192,"column":5}},"79":{"start":{"line":189,"column":6},"end":{"line":191,"column":7}},"80":{"start":{"line":190,"column":8},"end":{"line":190,"column":20}},"81":{"start":{"line":193,"column":4},"end":{"line":193,"column":17}},"82":{"start":{"line":200,"column":4},"end":{"line":200,"column":76}},"83":{"start":{"line":208,"column":4},"end":{"line":220,"column":5}},"84":{"start":{"line":209,"column":6},"end":{"line":213,"column":7}},"85":{"start":{"line":210,"column":8},"end":{"line":212,"column":9}},"86":{"start":{"line":211,"column":10},"end":{"line":211,"column":23}},"87":{"start":{"line":215,"column":6},"end":{"line":219,"column":7}},"88":{"start":{"line":216,"column":8},"end":{"line":218,"column":9}},"89":{"start":{"line":217,"column":10},"end":{"line":217,"column":23}},"90":{"start":{"line":221,"column":4},"end":{"line":221,"column":16}},"91":{"start":{"line":228,"column":4},"end":{"line":228,"column":68}},"92":{"start":{"line":235,"column":4},"end":{"line":235,"column":63}},"93":{"start":{"line":242,"column":4},"end":{"line":244,"column":5}},"94":{"start":{"line":243,"column":6},"end":{"line":243,"column":47}},"95":{"start":{"line":245,"column":4},"end":{"line":245,"column":62}},"96":{"start":{"line":252,"column":4},"end":{"line":252,"column":62}},"97":{"start":{"line":259,"column":14},"end":{"line":468,"column":1}},"98":{"start":{"line":264,"column":21},"end":{"line":264,"column":37}},"99":{"start":{"line":265,"column":18},"end":{"line":265,"column":31}},"100":{"start":{"line":267,"column":4},"end":{"line":283,"column":5}},"101":{"start":{"line":268,"column":6},"end":{"line":270,"column":9}},"102":{"start":{"line":269,"column":8},"end":{"line":269,"column":62}},"103":{"start":{"line":271,"column":11},"end":{"line":283,"column":5}},"104":{"start":{"line":272,"column":6},"end":{"line":272,"column":23}},"105":{"start":{"line":273,"column":11},"end":{"line":283,"column":5}},"106":{"start":{"line":275,"column":6},"end":{"line":277,"column":9}},"107":{"start":{"line":276,"column":8},"end":{"line":276,"column":47}},"108":{"start":{"line":278,"column":11},"end":{"line":283,"column":5}},"109":{"start":{"line":279,"column":6},"end":{"line":282,"column":9}},"110":{"start":{"line":281,"column":8},"end":{"line":281,"column":29}},"111":{"start":{"line":284,"column":4},"end":{"line":286,"column":7}},"112":{"start":{"line":285,"column":6},"end":{"line":285,"column":65}},"113":{"start":{"line":290,"column":21},"end":{"line":290,"column":37}},"114":{"start":{"line":291,"column":18},"end":{"line":291,"column":31}},"115":{"start":{"line":293,"column":4},"end":{"line":295,"column":6}},"116":{"start":{"line":294,"column":6},"end":{"line":294,"column":63}},"117":{"start":{"line":299,"column":21},"end":{"line":299,"column":37}},"118":{"start":{"line":300,"column":18},"end":{"line":300,"column":31}},"119":{"start":{"line":302,"column":4},"end":{"line":304,"column":6}},"120":{"start":{"line":303,"column":6},"end":{"line":303,"column":64}},"121":{"start":{"line":308,"column":21},"end":{"line":308,"column":37}},"122":{"start":{"line":309,"column":18},"end":{"line":309,"column":31}},"123":{"start":{"line":311,"column":4},"end":{"line":313,"column":6}},"124":{"start":{"line":312,"column":6},"end":{"line":312,"column":63}},"125":{"start":{"line":316,"column":21},"end":{"line":316,"column":37}},"126":{"start":{"line":317,"column":18},"end":{"line":317,"column":31}},"127":{"start":{"line":319,"column":4},"end":{"line":321,"column":6}},"128":{"start":{"line":320,"column":6},"end":{"line":320,"column":64}},"129":{"start":{"line":325,"column":21},"end":{"line":325,"column":39}},"130":{"start":{"line":327,"column":4},"end":{"line":371,"column":6}},"131":{"start":{"line":328,"column":6},"end":{"line":368,"column":7}},"132":{"start":{"line":329,"column":8},"end":{"line":333,"column":9}},"133":{"start":{"line":330,"column":10},"end":{"line":332,"column":11}},"134":{"start":{"line":331,"column":12},"end":{"line":331,"column":24}},"135":{"start":{"line":335,"column":30},"end":{"line":335,"column":47}},"136":{"start":{"line":336,"column":8},"end":{"line":342,"column":9}},"137":{"start":{"line":337,"column":10},"end":{"line":341,"column":11}},"138":{"start":{"line":338,"column":12},"end":{"line":340,"column":13}},"139":{"start":{"line":339,"column":14},"end":{"line":339,"column":26}},"140":{"start":{"line":348,"column":8},"end":{"line":354,"column":9}},"141":{"start":{"line":349,"column":10},"end":{"line":353,"column":11}},"142":{"start":{"line":350,"column":12},"end":{"line":352,"column":13}},"143":{"start":{"line":351,"column":14},"end":{"line":351,"column":26}},"144":{"start":{"line":359,"column":8},"end":{"line":365,"column":9}},"145":{"start":{"line":360,"column":26},"end":{"line":360,"column":69}},"146":{"start":{"line":361,"column":23},"end":{"line":361,"column":70}},"147":{"start":{"line":362,"column":10},"end":{"line":364,"column":11}},"148":{"start":{"line":363,"column":12},"end":{"line":363,"column":24}},"149":{"start":{"line":367,"column":8},"end":{"line":367,"column":49}},"150":{"start":{"line":370,"column":6},"end":{"line":370,"column":19}},"151":{"start":{"line":375,"column":13},"end":{"line":375,"column":52}},"152":{"start":{"line":376,"column":4},"end":{"line":378,"column":6}},"153":{"start":{"line":377,"column":6},"end":{"line":377,"column":58}},"154":{"start":{"line":382,"column":4},"end":{"line":384,"column":6}},"155":{"start":{"line":383,"column":6},"end":{"line":383,"column":42}},"156":{"start":{"line":391,"column":13},"end":{"line":391,"column":52}},"157":{"start":{"line":392,"column":4},"end":{"line":394,"column":7}},"158":{"start":{"line":393,"column":6},"end":{"line":393,"column":58}},"159":{"start":{"line":401,"column":4},"end":{"line":401,"column":37}},"160":{"start":{"line":408,"column":4},"end":{"line":408,"column":52}},"161":{"start":{"line":415,"column":4},"end":{"line":415,"column":37}},"162":{"start":{"line":422,"column":4},"end":{"line":422,"column":37}},"163":{"start":{"line":429,"column":26},"end":{"line":429,"column":47}},"164":{"start":{"line":430,"column":4},"end":{"line":432,"column":6}},"165":{"start":{"line":431,"column":6},"end":{"line":431,"column":65}},"166":{"start":{"line":436,"column":4},"end":{"line":438,"column":6}},"167":{"start":{"line":437,"column":6},"end":{"line":437,"column":92}},"168":{"start":{"line":445,"column":4},"end":{"line":445,"column":50}},"169":{"start":{"line":452,"column":4},"end":{"line":452,"column":86}},"170":{"start":{"line":459,"column":4},"end":{"line":459,"column":33}},"171":{"start":{"line":466,"column":4},"end":{"line":466,"column":19}},"172":{"start":{"line":474,"column":2},"end":{"line":479,"column":3}},"173":{"start":{"line":475,"column":17},"end":{"line":475,"column":30}},"174":{"start":{"line":476,"column":4},"end":{"line":478,"column":5}},"175":{"start":{"line":477,"column":6},"end":{"line":477,"column":15}},"176":{"start":{"line":481,"column":2},"end":{"line":481,"column":12}},"177":{"start":{"line":488,"column":2},"end":{"line":488,"column":50}},"178":{"start":{"line":495,"column":16},"end":{"line":495,"column":29}},"179":{"start":{"line":496,"column":14},"end":{"line":496,"column":25}},"180":{"start":{"line":497,"column":14},"end":{"line":497,"column":25}},"181":{"start":{"line":499,"column":16},"end":{"line":499,"column":18}},"182":{"start":{"line":500,"column":2},"end":{"line":500,"column":48}},"183":{"start":{"line":502,"column":2},"end":{"line":509,"column":3}},"184":{"start":{"line":503,"column":20},"end":{"line":503,"column":49}},"185":{"start":{"line":504,"column":17},"end":{"line":504,"column":29}},"186":{"start":{"line":505,"column":14},"end":{"line":505,"column":26}},"187":{"start":{"line":506,"column":21},"end":{"line":506,"column":33}},"188":{"start":{"line":508,"column":4},"end":{"line":508,"column":53}},"189":{"start":{"line":512,"column":18},"end":{"line":512,"column":59}},"190":{"start":{"line":513,"column":17},"end":{"line":513,"column":26}},"191":{"start":{"line":514,"column":18},"end":{"line":519,"column":4}},"192":{"start":{"line":515,"column":17},"end":{"line":515,"column":41}},"193":{"start":{"line":516,"column":16},"end":{"line":516,"column":25}},"194":{"start":{"line":518,"column":4},"end":{"line":518,"column":17}},"195":{"start":{"line":521,"column":2},"end":{"line":521,"column":68}},"196":{"start":{"line":539,"column":2},"end":{"line":542,"column":3}},"197":{"start":{"line":540,"column":4},"end":{"line":540,"column":55}},"198":{"start":{"line":541,"column":4},"end":{"line":541,"column":11}},"199":{"start":{"line":544,"column":10},"end":{"line":544,"column":29}},"200":{"start":{"line":549,"column":2},"end":{"line":555,"column":3}},"201":{"start":{"line":550,"column":4},"end":{"line":552,"column":5}},"202":{"start":{"line":551,"column":6},"end":{"line":551,"column":67}},"203":{"start":{"line":554,"column":4},"end":{"line":554,"column":69}},"204":{"start":{"line":562,"column":2},"end":{"line":562,"column":92}},"205":{"start":{"line":570,"column":2},"end":{"line":570,"column":227}},"206":{"start":{"line":574,"column":19},"end":{"line":574,"column":37}},"207":{"start":{"line":575,"column":20},"end":{"line":575,"column":39}},"208":{"start":{"line":577,"column":18},"end":{"line":582,"column":3}},"209":{"start":{"line":578,"column":4},"end":{"line":580,"column":5}},"210":{"start":{"line":579,"column":6},"end":{"line":579,"column":29}},"211":{"start":{"line":581,"column":4},"end":{"line":581,"column":17}},"212":{"start":{"line":584,"column":19},"end":{"line":615,"column":3}},"213":{"start":{"line":585,"column":4},"end":{"line":585,"column":30}},"214":{"start":{"line":587,"column":21},"end":{"line":587,"column":23}},"215":{"start":{"line":589,"column":4},"end":{"line":612,"column":5}},"216":{"start":{"line":590,"column":23},"end":{"line":590,"column":33}},"217":{"start":{"line":592,"column":6},"end":{"line":594,"column":7}},"218":{"start":{"line":593,"column":8},"end":{"line":593,"column":17}},"219":{"start":{"line":596,"column":23},"end":{"line":596,"column":92}},"220":{"start":{"line":598,"column":6},"end":{"line":611,"column":7}},"221":{"start":{"line":599,"column":8},"end":{"line":601,"column":9}},"222":{"start":{"line":600,"column":10},"end":{"line":600,"column":64}},"223":{"start":{"line":602,"column":8},"end":{"line":602,"column":77}},"224":{"start":{"line":604,"column":8},"end":{"line":606,"column":9}},"225":{"start":{"line":605,"column":10},"end":{"line":605,"column":54}},"226":{"start":{"line":608,"column":23},"end":{"line":608,"column":37}},"227":{"start":{"line":610,"column":8},"end":{"line":610,"column":94}},"228":{"start":{"line":614,"column":4},"end":{"line":614,"column":106}},"229":{"start":{"line":617,"column":20},"end":{"line":623,"column":3}},"230":{"start":{"line":618,"column":4},"end":{"line":618,"column":29}},"231":{"start":{"line":619,"column":4},"end":{"line":621,"column":5}},"232":{"start":{"line":620,"column":6},"end":{"line":620,"column":45}},"233":{"start":{"line":622,"column":4},"end":{"line":622,"column":29}},"234":{"start":{"line":625,"column":18},"end":{"line":627,"column":3}},"235":{"start":{"line":626,"column":4},"end":{"line":626,"column":40}},"236":{"start":{"line":629,"column":2},"end":{"line":629,"column":19}},"237":{"start":{"line":633,"column":2},"end":{"line":635,"column":3}},"238":{"start":{"line":634,"column":4},"end":{"line":634,"column":17}},"239":{"start":{"line":637,"column":2},"end":{"line":662,"column":3}},"240":{"start":{"line":638,"column":4},"end":{"line":640,"column":5}},"241":{"start":{"line":639,"column":6},"end":{"line":639,"column":19}},"242":{"start":{"line":642,"column":4},"end":{"line":646,"column":5}},"243":{"start":{"line":643,"column":6},"end":{"line":645,"column":7}},"244":{"start":{"line":644,"column":8},"end":{"line":644,"column":21}},"245":{"start":{"line":648,"column":4},"end":{"line":648,"column":16}},"246":{"start":{"line":649,"column":9},"end":{"line":662,"column":3}},"247":{"start":{"line":650,"column":4},"end":{"line":652,"column":5}},"248":{"start":{"line":651,"column":6},"end":{"line":651,"column":19}},"249":{"start":{"line":653,"column":4},"end":{"line":657,"column":5}},"250":{"start":{"line":654,"column":6},"end":{"line":656,"column":7}},"251":{"start":{"line":655,"column":8},"end":{"line":655,"column":21}},"252":{"start":{"line":659,"column":4},"end":{"line":659,"column":16}},"253":{"start":{"line":661,"column":4},"end":{"line":661,"column":19}},"254":{"start":{"line":666,"column":2},"end":{"line":668,"column":3}},"255":{"start":{"line":667,"column":4},"end":{"line":667,"column":16}},"256":{"start":{"line":669,"column":2},"end":{"line":672,"column":3}},"257":{"start":{"line":670,"column":4},"end":{"line":670,"column":19}},"258":{"start":{"line":671,"column":4},"end":{"line":671,"column":33}},"259":{"start":{"line":673,"column":2},"end":{"line":673,"column":14}},"260":{"start":{"line":677,"column":20},"end":{"line":677,"column":51}},"261":{"start":{"line":678,"column":2},"end":{"line":678,"column":43}},"262":{"start":{"line":685,"column":18},"end":{"line":685,"column":39}},"263":{"start":{"line":686,"column":2},"end":{"line":693,"column":3}},"264":{"start":{"line":687,"column":4},"end":{"line":692,"column":6}},"265":{"start":{"line":690,"column":8},"end":{"line":690,"column":91}},"266":{"start":{"line":694,"column":2},"end":{"line":694,"column":19}},"267":{"start":{"line":701,"column":2},"end":{"line":701,"column":81}},"268":{"start":{"line":702,"column":18},"end":{"line":702,"column":53}},"269":{"start":{"line":703,"column":2},"end":{"line":705,"column":4}},"270":{"start":{"line":704,"column":4},"end":{"line":704,"column":56}},"271":{"start":{"line":712,"column":2},"end":{"line":712,"column":30}},"272":{"start":{"line":712,"column":21},"end":{"line":712,"column":30}},"273":{"start":{"line":713,"column":2},"end":{"line":720,"column":3}},"274":{"start":{"line":714,"column":4},"end":{"line":716,"column":5}},"275":{"start":{"line":715,"column":6},"end":{"line":715,"column":15}},"276":{"start":{"line":717,"column":4},"end":{"line":719,"column":5}},"277":{"start":{"line":718,"column":6},"end":{"line":718,"column":16}},"278":{"start":{"line":727,"column":2},"end":{"line":735,"column":3}},"279":{"start":{"line":728,"column":4},"end":{"line":728,"column":27}},"280":{"start":{"line":729,"column":9},"end":{"line":735,"column":3}},"281":{"start":{"line":730,"column":4},"end":{"line":730,"column":33}},"282":{"start":{"line":731,"column":9},"end":{"line":735,"column":3}},"283":{"start":{"line":732,"column":4},"end":{"line":732,"column":26}},"284":{"start":{"line":734,"column":4},"end":{"line":734,"column":17}}},"fnMap":{"0":{"name":"(anonymous_0)","decl":{"start":{"line":7,"column":84},"end":{"line":7,"column":85}},"loc":{"start":{"line":7,"column":99},"end":{"line":7,"column":121}},"line":7},"1":{"name":"(anonymous_1)","decl":{"start":{"line":7,"column":124},"end":{"line":7,"column":125}},"loc":{"start":{"line":7,"column":139},"end":{"line":7,"column":268}},"line":7},"2":{"name":"(anonymous_2)","decl":{"start":{"line":9,"column":21},"end":{"line":9,"column":22}},"loc":{"start":{"line":9,"column":33},"end":{"line":9,"column":661}},"line":9},"3":{"name":"sliceIterator","decl":{"start":{"line":9,"column":44},"end":{"line":9,"column":57}},"loc":{"start":{"line":9,"column":66},"end":{"line":9,"column":428}},"line":9},"4":{"name":"(anonymous_4)","decl":{"start":{"line":9,"column":436},"end":{"line":9,"column":437}},"loc":{"start":{"line":9,"column":454},"end":{"line":9,"column":658}},"line":9},"5":{"name":"typeChecker","decl":{"start":{"line":22,"column":9},"end":{"line":22,"column":20}},"loc":{"start":{"line":22,"column":27},"end":{"line":27,"column":1}},"line":22},"6":{"name":"(anonymous_6)","decl":{"start":{"line":24,"column":9},"end":{"line":24,"column":10}},"loc":{"start":{"line":24,"column":26},"end":{"line":26,"column":3}},"line":24},"7":{"name":"get","decl":{"start":{"line":36,"column":9},"end":{"line":36,"column":12}},"loc":{"start":{"line":36,"column":23},"end":{"line":38,"column":1}},"line":36},"8":{"name":"nestable","decl":{"start":{"line":40,"column":24},"end":{"line":40,"column":32}},"loc":{"start":{"line":40,"column":44},"end":{"line":55,"column":1}},"line":40},"9":{"name":"(anonymous_9)","decl":{"start":{"line":41,"column":9},"end":{"line":41,"column":10}},"loc":{"start":{"line":41,"column":75},"end":{"line":54,"column":3}},"line":41},"10":{"name":"(anonymous_10)","decl":{"start":{"line":43,"column":40},"end":{"line":43,"column":41}},"loc":{"start":{"line":43,"column":56},"end":{"line":50,"column":7}},"line":43},"11":{"name":"(anonymous_11)","decl":{"start":{"line":60,"column":18},"end":{"line":60,"column":19}},"loc":{"start":{"line":60,"column":39},"end":{"line":70,"column":1}},"line":60},"12":{"name":"(anonymous_12)","decl":{"start":{"line":61,"column":9},"end":{"line":61,"column":10}},"loc":{"start":{"line":61,"column":75},"end":{"line":69,"column":3}},"line":61},"13":{"name":"and","decl":{"start":{"line":75,"column":9},"end":{"line":75,"column":12}},"loc":{"start":{"line":75,"column":24},"end":{"line":85,"column":1}},"line":75},"14":{"name":"(anonymous_14)","decl":{"start":{"line":76,"column":9},"end":{"line":76,"column":10}},"loc":{"start":{"line":76,"column":60},"end":{"line":84,"column":3}},"line":76},"15":{"name":"_validate","decl":{"start":{"line":87,"column":9},"end":{"line":87,"column":18}},"loc":{"start":{"line":87,"column":69},"end":{"line":89,"column":1}},"line":87},"16":{"name":"(anonymous_16)","decl":{"start":{"line":95,"column":10},"end":{"line":95,"column":11}},"loc":{"start":{"line":95,"column":33},"end":{"line":97,"column":3}},"line":95},"17":{"name":"(anonymous_17)","decl":{"start":{"line":102,"column":11},"end":{"line":102,"column":12}},"loc":{"start":{"line":102,"column":34},"end":{"line":104,"column":3}},"line":102},"18":{"name":"(anonymous_18)","decl":{"start":{"line":109,"column":10},"end":{"line":109,"column":11}},"loc":{"start":{"line":109,"column":33},"end":{"line":111,"column":3}},"line":109},"19":{"name":"(anonymous_19)","decl":{"start":{"line":116,"column":11},"end":{"line":116,"column":12}},"loc":{"start":{"line":116,"column":34},"end":{"line":118,"column":3}},"line":116},"20":{"name":"(anonymous_20)","decl":{"start":{"line":123,"column":10},"end":{"line":123,"column":11}},"loc":{"start":{"line":123,"column":33},"end":{"line":125,"column":3}},"line":123},"21":{"name":"(anonymous_21)","decl":{"start":{"line":130,"column":11},"end":{"line":130,"column":12}},"loc":{"start":{"line":130,"column":34},"end":{"line":132,"column":3}},"line":130},"22":{"name":"(anonymous_22)","decl":{"start":{"line":137,"column":11},"end":{"line":137,"column":12}},"loc":{"start":{"line":137,"column":34},"end":{"line":139,"column":3}},"line":137},"23":{"name":"$in","decl":{"start":{"line":144,"column":16},"end":{"line":144,"column":19}},"loc":{"start":{"line":144,"column":33},"end":{"line":146,"column":3}},"line":144},"24":{"name":"$nin","decl":{"start":{"line":152,"column":17},"end":{"line":152,"column":21}},"loc":{"start":{"line":152,"column":35},"end":{"line":154,"column":3}},"line":152},"25":{"name":"$not","decl":{"start":{"line":159,"column":17},"end":{"line":159,"column":21}},"loc":{"start":{"line":159,"column":52},"end":{"line":161,"column":3}},"line":159},"26":{"name":"$type","decl":{"start":{"line":166,"column":18},"end":{"line":166,"column":23}},"loc":{"start":{"line":166,"column":41},"end":{"line":168,"column":3}},"line":166},"27":{"name":"$all","decl":{"start":{"line":173,"column":17},"end":{"line":173,"column":21}},"loc":{"start":{"line":173,"column":73},"end":{"line":175,"column":3}},"line":173},"28":{"name":"$size","decl":{"start":{"line":180,"column":18},"end":{"line":180,"column":23}},"loc":{"start":{"line":180,"column":42},"end":{"line":182,"column":3}},"line":180},"29":{"name":"$or","decl":{"start":{"line":187,"column":16},"end":{"line":187,"column":19}},"loc":{"start":{"line":187,"column":55},"end":{"line":194,"column":3}},"line":187},"30":{"name":"$nor","decl":{"start":{"line":199,"column":17},"end":{"line":199,"column":21}},"loc":{"start":{"line":199,"column":63},"end":{"line":201,"column":3}},"line":199},"31":{"name":"$and","decl":{"start":{"line":206,"column":17},"end":{"line":206,"column":21}},"loc":{"start":{"line":206,"column":78},"end":{"line":222,"column":3}},"line":206},"32":{"name":"(anonymous_32)","decl":{"start":{"line":227,"column":13},"end":{"line":227,"column":14}},"loc":{"start":{"line":227,"column":47},"end":{"line":229,"column":3}},"line":227},"33":{"name":"$where","decl":{"start":{"line":234,"column":19},"end":{"line":234,"column":25}},"loc":{"start":{"line":234,"column":67},"end":{"line":236,"column":3}},"line":234},"34":{"name":"$elemMatch","decl":{"start":{"line":241,"column":23},"end":{"line":241,"column":33}},"loc":{"start":{"line":241,"column":75},"end":{"line":246,"column":3}},"line":241},"35":{"name":"$exists","decl":{"start":{"line":251,"column":20},"end":{"line":251,"column":27}},"loc":{"start":{"line":251,"column":69},"end":{"line":253,"column":3}},"line":251},"36":{"name":"$eq","decl":{"start":{"line":263,"column":16},"end":{"line":263,"column":19}},"loc":{"start":{"line":263,"column":46},"end":{"line":287,"column":3}},"line":263},"37":{"name":"(anonymous_37)","decl":{"start":{"line":268,"column":16},"end":{"line":268,"column":17}},"loc":{"start":{"line":268,"column":33},"end":{"line":270,"column":7}},"line":268},"38":{"name":"(anonymous_38)","decl":{"start":{"line":275,"column":16},"end":{"line":275,"column":17}},"loc":{"start":{"line":275,"column":33},"end":{"line":277,"column":7}},"line":275},"39":{"name":"(anonymous_39)","decl":{"start":{"line":279,"column":16},"end":{"line":279,"column":17}},"loc":{"start":{"line":279,"column":33},"end":{"line":282,"column":7}},"line":279},"40":{"name":"(anonymous_40)","decl":{"start":{"line":284,"column":14},"end":{"line":284,"column":15}},"loc":{"start":{"line":284,"column":31},"end":{"line":286
[...]
":0,"2142":0,"2143":0,"2144":0,"2145":0,"2146":0,"2147":0,"2148":0,"2149":0,"2150":0,"2151":0,"2152":1,"2153":1,"2154":0,"2155":0,"2156":0,"2157":0,"2158":0,"2159":0,"2160":0,"2161":0,"2162":1,"2163":1,"2164":1,"2165":1,"2166":1,"2167":1,"2168":1,"2169":1,"2170":1,"2171":1,"2172":0,"2173":1,"2174":0,"2175":0,"2176":0,"2177":0,"2178":0,"2179":0,"2180":0,"2181":0,"2182":0,"2183":1,"2184":0,"2185":1,"2186":1,"2187":1,"2188":1,"2189":0,"2190":0,"2191":1,"2192":1,"2193":1,"2194":1,"2195":0,"2196":0,"2197":1,"2198":0,"2199":0,"2200":0,"2201":0,"2202":0,"2203":0,"2204":0,"2205":0,"2206":0,"2207":0,"2208":0,"2209":0,"2210":0,"2211":0,"2212":1,"2213":1,"2214":0,"2215":0,"2216":0,"2217":0,"2218":0,"2219":0,"2220":0,"2221":0,"2222":1,"2223":1,"2224":1,"2225":1,"2226":1,"2227":1,"2228":1,"2229":1,"2230":1,"2231":1,"2232":0,"2233":1,"2234":0,"2235":0,"2236":0,"2237":0,"2238":0,"2239":0,"2240":0,"2241":0,"2242":0,"2243":1,"2244":0,"2245":1,"2246":1,"2247":1,"2248":1,"2249":0,"2250":0,"2251":1,"2252":1,"2253":1,"2254":1,"2255":0,"2256":0,"2257":1,"2258":0,"2259":0,"2260":0,"2261":0,"2262":0,"2263":0,"2264":0,"2265":0,"2266":0,"2267":0,"2268":0,"2269":0,"2270":0,"2271":1,"2272":1,"2273":1,"2274":0,"2275":0,"2276":0,"2277":0,"2278":0,"2279":0,"2280":0,"2281":0,"2282":0,"2283":0,"2284":0,"2285":0,"2286":0,"2287":0,"2288":0,"2289":0,"2290":1,"2291":1,"2292":1,"2293":0,"2294":0,"2295":1,"2296":8,"2297":8,"2298":8,"2299":8,"2300":8,"2301":8,"2302":1,"2303":1,"2304":1,"2305":0,"2306":1,"2307":1,"2308":1,"2309":1,"2310":1,"2311":1,"2312":1,"2313":1,"2314":1,"2315":1,"2316":0,"2317":0,"2318":0,"2319":0,"2320":0,"2321":0,"2322":0,"2323":0,"2324":0,"2325":0,"2326":0,"2327":0,"2328":0,"2329":0,"2330":0,"2331":1,"2332":0,"2333":0,"2334":0,"2335":0,"2336":0,"2337":0,"2338":0,"2339":1,"2340":0,"2341":0,"2342":0,"2343":0,"2344":0,"2345":0,"2346":0,"2347":0,"2348":0,"2349":0,"2350":0,"2351":0,"2352":0,"2353":0,"2354":0,"2355":0,"2356":0,"2357":0,"2358":0,"2359":0,"2360":0,"2361":0,"2362":0,"2363":0,"2364":0,"2365":0,"2366":0,"2367":0,"2368":0,"2369":0,"2370":0,"2371":0,"2372":0,"2373":1,"2374":1,"2375":1,"2376":1,"2377":1,"2378":1,"2379":1,"2380":1,"2381":1,"2382":1},"f":{"0":1,"1":1,"2":1,"3":70,"4":0,"5":0,"6":0,"7":0,"8":0,"9":0,"10":0,"11":0,"12":1,"13":1,"14":0,"15":0,"16":0,"17":3,"18":0,"19":0,"20":0,"21":1,"22":1,"23":1,"24":0,"25":1,"26":0,"27":0,"28":0,"29":0,"30":1,"31":7,"32":3,"33":3,"34":4,"35":0,"36":0,"37":0,"38":1,"39":0,"40":0,"41":3,"42":0,"43":0,"44":1,"45":0,"46":0,"47":0,"48":0,"49":0,"50":0,"51":15,"52":0,"53":0,"54":0,"55":0,"56":0,"57":0,"58":13,"59":5,"60":5,"61":0,"62":5,"63":5,"64":5,"65":0,"66":5,"67":0,"68":0,"69":0,"70":0,"71":0,"72":0,"73":0,"74":0,"75":0,"76":0,"77":1,"78":0,"79":0,"80":0,"81":0,"82":0,"83":1,"84":0,"85":0,"86":1,"87":0,"88":0,"89":0,"90":0,"91":0,"92":0,"93":0,"94":0,"95":0,"96":0,"97":0,"98":0,"99":0,"100":1,"101":0,"102":0,"103":1,"104":1,"105":0,"106":0,"107":0,"108":0,"109":0,"110":0,"111":0,"112":1,"113":0,"114":0,"115":0,"116":0,"117":0,"118":0,"119":0,"120":0,"121":0,"122":1,"123":1,"124":0,"125":0,"126":0,"127":0,"128":0,"129":1,"130":2,"131":0,"132":0,"133":0,"134":0,"135":0,"136":0,"137":0,"138":1,"139":1,"140":1,"141":8,"142":14,"143":16,"144":0,"145":0,"146":9,"147":103,"148":96,"149":3,"150":0,"151":1,"152":0,"153":1,"154":1,"155":0,"156":0,"157":0,"158":0,"159":0,"160":1,"161":0,"162":0,"163":0,"164":0,"165":0,"166":0,"167":0,"168":0,"169":0,"170":0,"171":0,"172":0,"173":0,"174":0,"175":0,"176":0,"177":0,"178":0,"179":0,"180":0,"181":0,"182":0,"183":0,"184":0,"185":0,"186":0,"187":0,"188":0,"189":0,"190":1,"191":0,"192":0,"193":0,"194":1,"195":1,"196":0,"197":0,"198":0,"199":1,"200":1,"201":1,"202":0,"203":0,"204":1,"205":1,"206":2,"207":2,"208":1,"209":0,"210":0,"211":0,"212":0,"213":1,"214":1,"215":0,"216":0,"217":0,"218":1,"219":1,"220":31,"221":0,"222":14,"223":0,"224":26,"225":0,"226":0,"227":3,"228":2,"229":28,"230":56,"231":42,"232":44,"233":44,"234":44,"235":42,"236":0,"237":3,"238":12,"239":2,"240":3,"241":3,"242":18,"243":1,"244":1,"245":1,"246":1,"247":1,"248":0,"249":1,"250":29,"251":0,"252":0,"253":0,"254":0,"255":0,"256":21,"257":7,"258":8,"259":0,"260":0,"261":0,"262":0,"263":0,"264":0,"265":0,"266":0,"267":0,"268":0,"269":0,"270":0,"271":21,"272":8,"273":0,"274":0,"275":0,"276":0,"277":0,"278":0,"279":0,"280":14,"281":0,"282":0,"283":1,"284":1,"285":1,"286":1,"287":0,"288":1,"289":17,"290":0,"291":0,"292":0,"293":0,"294":0,"295":0,"296":0,"297":0,"298":0,"299":0,"300":0,"301":0,"302":0,"303":1,"304":0,"305":0,"306":0,"307":0,"308":1,"309":1,"310":0,"311":0,"312":0,"313":0,"314":0,"315":0,"316":2,"317":19,"318":2,"319":3,"320":0,"321":4,"322":0,"323":0,"324":0,"325":1,"326":1,"327":14,"328":13,"329":2,"330":8,"331":1,"332":1,"333":1,"334":14,"335":17,"336":14,"337":1,"338":14,"339":0,"340":0,"341":14,"342":14,"343":14,"344":56,"345":14,"346":14,"347":14,"348":14,"349":29,"350":13,"351":1,"352":13,"353":1,"354":0,"355":14,"356":0,"357":14,"358":2,"359":22,"360":0,"361":12,"362":14,"363":1,"364":1,"365":0,"366":0,"367":1,"368":1,"369":1,"370":1,"371":0,"372":0,"373":0,"374":1,"375":0,"376":0,"377":0,"378":0,"379":1,"380":1,"381":0,"382":0,"383":0,"384":0,"385":1,"386":1,"387":0,"388":1,"389":0,"390":0,"391":0,"392":0,"393":1,"394":0,"395":0,"396":0,"397":0,"398":1,"399":1,"400":0,"401":0,"402":0,"403":0,"404":1,"405":1,"406":0,"407":1,"408":0,"409":0,"410":0,"411":0,"412":0,"413":1,"414":0,"415":0,"416":0,"417":0,"418":1,"419":1,"420":0,"421":0,"422":0,"423":0,"424":1,"425":1,"426":0,"427":1,"428":0,"429":0,"430":0,"431":0,"432":1,"433":0,"434":1,"435":1,"436":0,"437":1,"438":0,"439":0,"440":0,"441":0,"442":0,"443":0,"444":0,"445":0,"446":0,"447":1,"448":0,"449":0,"450":0,"451":0,"452":1,"453":1,"454":0,"455":0,"456":0,"457":0,"458":1,"459":1,"460":0,"461":1,"462":0,"463":0,"464":0,"465":0,"466":0,"467":1,"468":0,"469":0,"470":0,"471":0,"472":0,"473":1,"474":0,"475":0,"476":0,"477":0,"478":1,"479":1,"480":0,"481":0,"482":0,"483":0,"484":1,"485":1,"486":0,"487":1,"488":0,"489":0,"490":0,"491":0,"492":1,"493":0,"494":0,"495":0,"496":0,"497":1,"498":1,"499":0,"500":0,"501":0,"502":0,"503":1,"504":1,"505":0,"506":1,"507":0,"508":0,"509":0,"510":0,"511":1,"512":0,"513":0,"514":0,"515":0,"516":1,"517":1,"518":0,"519":0,"520":0,"521":0,"522":1,"523":1,"524":0,"525":1,"526":0,"527":0,"528":0,"529":0,"530":1,"531":0,"532":0,"533":0,"534":0,"535":1,"536":1,"537":0,"538":1,"539":1,"540":1,"541":0,"542":0,"543":0,"544":0,"545":0,"546":1,"547":0,"548":0,"549":0,"550":0,"551":0,"552":0,"553":0,"554":0,"555":0,"556":0,"557":0,"558":0,"559":1},"b":{"0":[1,0],"1":[1,1],"2":[0,0],"3":[0,0],"4":[0,0],"5":[29,41],"6":[0,0],"7":[0,0],"8":[0,0],"9":[0,0],"10":[0,0],"11":[0,0],"12":[0,0,0,0],"13":[0,0],"14":[0,0],"15":[0,0],"16":[0,0],"17":[0,0],"18":[0,0],"19":[0,0],"20":[0,0,0,0],"21":[0,3],"22":[3,3,0,0],"23":[0,3],"24":[3,3,3],"25":[3,3,3,3,3,3,3,3,0,3,3,3,0,3,3,3],"26":[0,0],"27":[0,0],"28":[0,0],"29":[0,0],"30":[0,0],"31":[0,0],"32":[0,0,0],"33":[0,0],"34":[0,1],"35":[1,0],"36":[1,1,1],"37":[0,0,0],"38":[0,0],"39":[0,0],"40":[0,0],"41":[4,0],"42":[0,0],"43":[0,0],"44":[0,0],"45":[0,0],"46":[0,0],"47":[0,3],"48":[0,0],"49":[0,0],"50":[0,1],"51":[1,0],"52":[0,0],"53":[0,3],"54":[0,0],"55":[0,0],"56":[0,0],"57":[0,0],"58":[1,0],"59":[1,0],"60":[1,1],"61":[1,0],"62":[1,1],"63":[0,0],"64":[0,0],"65":[0,0],"66":[1,0],"67":[0,15],"68":[0,0],"69":[0,0,0],"70":[0,0],"71":[0,0],"72":[0,0],"73":[0,0],"74":[0,0,0],"75":[0,0],"76":[12,1],"77":[12,0],"78":[1,0],"79":[0,12],"80":[0,0],"81":[0,0],"82":[0,0],"83":[7,5],"84":[5,0],"85":[2,3],"86":[0,3],"87":[0,0],"88":[5,0],"89":[0,0],"90":[0,0],"91":[0,0],"92":[0,0],"93":[0,0,0],"94":[5,0],"95":[0,5],"96":[0,5],"97":[0,5],"98":[5,0],"99":[5,0],"100":[5,0],"101":[0,0],"102":[0,0],"103":[0,0],"104":[0,0],"105":[0,0],"106":[0,0],"107":[0,0],"108":[0,0],"109":[0,0],"110":[0,0],"111":[0,0],"112":[0,0],"113":[0,0],"114":[0,0],"115":[0,0],"116":[0,0],"117":[0,0],"118":[0,0],"119":[0,0],"120":[0,0],"121":[0,0],"122":[0,0],"123":[0,0],"124":[0,0],"125":[0,0],"126":[0,0],"127":[0,0],"128":[0,0],"129":[0,0],"130":[0,0],"131":[0,0],"132":[0,0],"133":[0,0],"134":[0,0],"135":[0,0],"136":[0,0],"137":[0,0],"138":[0,0],"139":[0,0],"140":[0,0],"141":[0,0,0,0,0,0,0,0,0,0,0,0,0,0,0,0,0,0,0,0,0,0,0,0,0,0,0,0,0,0,0,0],"142":[0,0],"143":[0,0],"144":[0,0],"145":[0,0],"146":[0,0],"147":[0,0],"148":[0,0],"149":[0,0],"150":[0,0],"151":[1,0],"152":[1,0],"153":[0,0],"154":[0,0],"155":[0,0,0],"156":[0,0],"157":[0,0],"158":[0,0,0],"159":[0,0],"160":[0,0],"161":[0,0],"162":[0,0],"163":[0,0],"164":[0,0],"165":[0,0],"166":[0,0],"167":[0,0],"168":[0,0],"169":[0,0],"170":[0,0],"171":[0,0],"172":[0,0],"173":[0,0],"174":[0,0],"175":[0,0],"176":[0,0],"177":[0,0],"178":[0,0],"179":[0,0,0],"180":[0,0],"181":[0,0,0,0],"182":[0,0],"183":[0,0],"184":[0,0],"185":[0,0],"186":[0,0],"187":[0,0],"188":[0,0],"189":[0,0],"190":[0,0],"191":[0,0],"192":[0,0],"193":[0,0,0,0,0,0],"194":[0,0],"195":[0,0],"196":[0,0],"197":[0,0],"198":[0,0],"199":[0,0],"200":[0,0],"201":[0,0],"202":[0,0,0],"203":[0,0],"204":[0,0],"205":[0,0],"206":[0,0],"207":[0,0],"208":[0,0],"209":[0,0,0],"210":[0,0],"211":[0,0,0],"212":[0,0],"213":[0,0],"214":[0,0],"215":[0,0],"216":[0,0],"217":[0,0],"218":[0,0],"219":[0,0],"220":[0,0],"221":[0,0],"222":[0,0],"223":[0,0],"224":[0,0],"225":[0,0],"226":[0,0],"227":[0,0],"228":[0,0,0],"229":[0,0],"230":[0,0],"231":[0,0],"232":[0,0],"233":[0,0,0,0,0],"234":[0,0],"235":[0,0],"236":[0,0],"237":[0,0],"238":[0,0],"239":[0,0],"240":[0,0],"241":[0,0],"242":[0,0],"243":[0,0],"244":[0,0],"245":[0,0],"246":[0,0],"247":[0,0],"248":[0,0],"249":[0,0],"250":[0,0],"251":[0,0],"252":[0,0],"253":[0,0],"254":[0,0],"255":[0,0],"256":[0,0,0],"257":[0,0],"258":[0,0],"259":[0,0,0],"260":[0,0],"261":[0,0],"262":[0,0],"263":[0,0],"264":[0,0],"265":[0,0],"266":[0,0],"267":[0,0],"268":[0,0],"269":[0,0],"270":[0,0],"271":[0,0],"272":[0,0],"273":[0,0],"274":[0,0],"275":[0,0],"276":[0,0],"277":[0,0],"278":[0,0],"279":[0,0],"280":[0,0],"281":[0,0],"282":[0,0],"283":[0,0],"284":[0,0],"285":[0,0],"286":[0,0],"287":[0,0],"288":[0,0],"289":[0,0],"290":[0,0],"291":[0,0],"292":[0,0],"293":[16,240],"294":[0,0],"295":[0,0],"296":[0,0],"297":[0,0],"298":[0,0],"299":[0,0],"300":[0,0],"301":[0,0],"302":[0,0],"303":[0,0],"304":[0,0],"305":[0,0,0,0],"306":[0,0],"307":[0,0],"308":[0,0],"309":[0,0],"310":[0,0],"311":[0,0],"312":[0,0],"313":[0,0],"314":[0,0,0,0],"315":[0,0],"316":[0,0],"317":[0,0],"318":[0,0],"319":[0,0],"320":[0,0],"321":[0,0],"322":[0,0,0,0,0,0,0,0,0,0],"323":[0,0],"324":[0,0],"325":[0,0],"326":[0,0],"327":[0,0],"328":[0,0,0],"329":[0,0],"330":[0,0],"331":[0,0,0],"332":[1,0],"333":[1,0],"334":[1,1],"335":[14,0],"336":[8,0],"337":[8,0],"338":[8,8],"339":[0,0],"340":[0,0],"341":[9,4],"342":[9,0],"343":[96,7],"344":[103,96],"345":[12,12],"346":[12,0],"347":[8,88],"348":[96,81],"349":[9,0],"350":[3,3],"351":[0,0],"352":[12,12],"353":[10,2],"354":[1,0],"355":[0,1],"356":[0,0,0],"357":[0,0],"358":[0,0],"359":[0,0],"360":[0,0],"361":[0,0],"362":[0,0],"363":[0,0],"364":[0,0],"365":[0,0],"366":[0,0],"367":[0,0],"368":[0,0],"369":[0,0],"370":[0,0],"371":[0,0],"372":[0,0],"373":[0,0],"374":[0,0],"375":[0,0],"376":[0,0,0],"377":[0,0],"378":[0,0],"379":[0,0],"380":[0,0],"381":[0,0],"382":[0,0],"383":[0,0],"384":[0,0],"385":[0,0],"386":[0,0],"387":[0,0],"388":[0,0],"389":[0,0],"390":[0,0],"391":[0,0],"392":[0,0],"393":[1,1,1],"394":[1,0],"395":[1,1],"396":[0,0],"397":[0,0],"398":[0,0],"399":[0,0],"400":[1,0],"401":[0,1],"402":[6,6],"403":[6,0],"404":[2,0],"405":[0,2],"406":[1,0],"407":[1,1],"408":[0,0],"409":[0,0,0,0],"410":[14,0],"411":[14,14],"412":[0,14],"413":[14,14,14],"414":[0,0],"415":[0,0],"416":[0,0],"417":[0,0,0,0,0,0],"418":[0,3],"419":[1,2],"420":[2,0],"421":[28,28,28],"422":[42,14],"423":[56,42],"424":[56,42],"425":[56,52],"426":[42,14],"427":[28,16],"428":[0,28],"429":[0,3],"430":[0,3],"431":[0,3],"432":[3,2],"433":[18,18],"434":[6,12],"435":[2,16],"436":[5,0],"437":[1,1,1],"438":[1,0],"439":[1,1],"440":[0,0],"441":[0,0],"442":[0,0],"443":[1,0],"444":[1,1],"445":[0,0],"446":[0,0,0,0],"447":[0,0,0],"448":[0,0],"449":[0,0],"450":[0,0],"451":[0,0],"452":[0,0],"453":[0,0],"454":[0,0],"455":[0,0],"456":[0,7],"457":[7,7],"458":[7,0],"459":[21,21,21],"460":[8,8],"461":[0,0],"462":[0,0],"463":[0,0],"464":[0,0],"465":[0,0],"466":[14,14],"467":[0,0],"468":[0,0],"469":[0,0],"470":[0,0],"471":[0,0,0],"472":[0,0],"473":[0,0,0],"474":[0,0,0],"475":[0,0],"476":[0,0,0],"477":[0,0],"478":[1,0],"479":[1,0],"480":[1,1],"481":[0,0],"482":[0,0,0,0],"483":[1,1],"484":[0,1],"485":[0,0],"486":[0,0],"487":[0,1],"488":[0,0],"489":[0,1],"490":[0,0],"491":[0,0],"492":[1,1],"493":[1,0],"494":[0,0],"495":[0,0],"496":[0,0],"497":[0,0],"498":[0,19],"499":[19,0],"500":[0,19],"501":[19,0],"502":[0,2],"503":[2,0],"504":[0,2],"505":[2,0],"506":[2,0],"507":[0,2],"508":[0,2],"509":[0,2],"510":[0,2],"511":[0,2],"512":[2,0],"513":[0,0],"514":[0,14],"515":[14,14],"516":[10,4],"517":[14,10,10],"518":[1,9],"519":[0,2],"520":[2,0],"521":[2,0],"522":[2,2],"523":[1,1],"524":[5,3],"525":[8,5],"526":[12,2],"527":[0,14],"528":[14,7],"529":[0,14],"530":[14,8],"531":[14,0,0],"532":[0,0],"533":[0,0],"534":[14,0],"535":[14,0],"536":[14,14],"537":[56,0],"538":[56,0],"539":[0,14],"540":[0,14],"541":[14,0],"542":[0,14],"543":[1,13],"544":[14,1],"545":[0,1],"546":[0,13],"547":[0,2],"548":[22,17],"549":[2,2],"550":[4,8],"551":[0,0],"552":[0,0],"553":[0,0],"554":[0,0],"555":[0,0],"556":[0,0,0,0],"557":[0,0],"558":[1,1],"559":[1,0],"560":[1,0],"561":[0,1],"562":[0,0],"563":[0,0,0],"564":[0,0],"565":[0,0],"566":[0,0],"567":[0,1],"568":[1,0],"569":[1,1],"570":[1,0],"571":[1,0],"572":[0,0],"573":[0,0],"574":[0,0],"575":[0,0],"576":[0,0],"577":[0,0],"578":[0,0],"579":[0,0],"580":[0,0,0,0],"581":[0,0],"582":[1,1],"583":[1,0],"584":[1,0],"585":[0,1],"586":[0,0],"587":[0,0,0],"588":[0,0],"589":[0,0],"590":[0,0],"591":[0,1],"592":[1,0],"593":[1,1],"594":[1,0],"595":[1,0],"596":[0,0],"597":[0,0],"598":[0,0],"599":[0,0],"600":[0,0],"601":[0,0],"602":[0,0],"603":[0,0],"604":[0,0],"605":[0,0,0,0],"606":[0,0],"607":[1,1],"608":[1,0],"609":[1,0],"610":[0,1],"611":[0,0],"612":[0,0,0],"613":[0,0],"614":[0,0],"615":[0,0],"616":[0,1],"617":[1,0],"618":[1,1],"619":[1,0],"620":[1,0],"621":[0,0],"622":[0,0],"623":[0,0],"624":[0,0],"625":[8,8],"626":[8,0],"627":[1,0],"628":[0,1],"629":[0,0],"630":[0,0],"631":[0,0],"632":[0,0],"633":[0,0],"634":[0,0],"635":[0,0],"636":[0,0],"637":[0,0],"638":[0,0],"639":[0,0],"640":[0,0],"641":[0,0],"642":[0,0],"643":[0,0],"644":[0,0],"645":[0,0],"646":[0,0],"647":[0,0],"648":[0,0],"649":[0,0],"650":[0,0],"651":[0,0],"652":[0,0],"653":[0,0,0,0],"654":[0,0],"655":[2,2],"656":[2,0],"657":[1,0],"658":[0,1],"659":[0,0],"660":[0,0,0],"661":[0,0],"662":[0,0],"663":[0,0],"664":[0,1],"665":[1,0],"666":[1,1],"667":[1,0],"668":[1,0],"669":[0,0],"670":[0,0],"671":[0,0],"672":[0,0],"673":[0,0],"674":[0,0],"675":[0,0],"676":[0,0],"677":[0,0],"678":[0,0],"679":[0,0],"680":[0,0],"681":[0,0],"682":[0,0],"683":[0,0],"684":[0,0,0,0],"685":[0,0],"686":[1,1],"687":[1,0],"688":[1,0],"689":[0,1],"690":[0,0],"691":[0,0,0],"692":[0,0],"693":[0,0],"694":[0,0],"695":[0,1],"696":[1,0],"697":[1,1],"698":[1,0],"699":[1,0],"700":[0,0],"701":[0,0],"702":[0,0],"703":[0,0],"704":[0,0],"705":[0,0],"706":[0,0,0,0],"707":[0,0],"708":[1,1],"709":[1,0],"710":[1,0],"711":[0,1],"712":[0,0],"713":[0,0,0],"714":[0,0],"715":[0,0],"716":[0,0],"717":[0,1],"718":[1,0],"719":[1,1],"720":[1,0],"721":[1,0],"722":[0,0],"723":[0,0],"724":[0,0],"725":[0,0],"726":[0,0],"727":[0,0],"728":[0,0],"729":[0,0],"730":[0,0,0,0],"731":[0,0],"732":[1,1],"733":[1,0],"734":[1,0],"735":[0,1],"736":[0,0],"737":[0,0,0],"738":[0,0],"739":[0,0],"740":[0,0],"741":[0,1],"742":[1,0],"743":[1,1],"744":[1,0],"745":[1,0],"746":[0,0],"747":[0,0],"748":[0,0],"749":[0,0],"750":[0,0],"751":[0,0],"752":[0,0],"753":[0,0],"754":[0,0],"755":[0,0],"756":[0,0],"757":[8,8],"758":[8,0],"759":[1,0],"760":[0,1],"761":[1,1,1],"762":[0,1],"763":[1,1],"764":[0,0],"765":[0,0],"766":[0,0],"767":[0,0],"768":[0,0],"769":[0,0],"770":[0,0],"771":[0,0],"772":[0,0],"773":[0,0],"774":[0,0],"775":[0,0],"776":[0,0],"777":[0,0],"778":[0,0],"779":[0,0],"780":[0,0],"781":[0,0],"782":[0,0],"783":[0,0],"784":[0,0],"785":[0,0],"786":[0,0],"787":[0,0],"788":[0,0],"789":[0,0]},"_coverageSchema":"332fd63041d2c1bcb487cc26dd0d5f7d97098a6c","hash":"5211767ddb81ba7dd819ddb27399bf56dff37359"},"run-tests.js":{"path":"run-tests.js","statementMap":{"0":{"start":{"line":1,"column":58},"end":{"line":1,"column":64}},"1":{"start":{"line":2,"column":27},"end":{"line":2,"column":35}},"2":{"start":{"line":5,"column":20},"end":{"line":8,"column":8}},"3":{"start":{"line":6,"column":2},"end":{"line":7,"column":44}},"4":{"start":{"line":10,"column":15},"end":{"line":10,"column":59}},"5":{"start":{"line":12,"column":0},"end":{"line":51,"column":2}},"6":{"start":{"line":14,"column":2},"end":{"line":19,"column":3}},"7":{"start":{"line":15,"column":4},"end":{"line":18,"column":7}},"8":{"start":{"line":22,"column":24},"end":{"line":22,"column":35}},"9":{"start":{"line":23,"column":2},"end":{"line":29,"column":3}},"10":{"start":{"line":24,"column":4},"end":{"line":27,"column":7}},"11":{"start":{"line":28,"column":4},"end":{"line":28,"column":26}},"12":{"start":{"line":31,"column":17},"end":{"line":31,"column":28}},"13":{"start":{"line":33,"column":20},"end":{"line":33,"column":24}},"14":{"start":{"line":35,"column":2},"end":{"line":37,"column":4}},"15":{"start":{"line":36,"column":4},"end":{"line":36,"column":23}},"16":{"start":{"line":39,"column":2},"end":{"line":41,"column":4}},"17":{"start":{"line":40,"column":4},"end":{"line":40,"column":29}},"18":{"start":{"line":43,"column":2},"end":{"line":50,"column":4}},"19":{"start":{"line":44,"column":4},"end":{"line":49,"column":8}}},"fnMap":{"0":{"name":"(anonymous_0)","decl":{"start":{"line":5,"column":31},"end":{"line":5,"column":32}},"loc":{"start":{"line":5,"column":43},"end":{"line":8,"column":1}},"line":5},"1":{"name":"(anonymous_1)","decl":{"start":{"line":12,"column":32},"end":{"line":12,"column":33}},"loc":{"start":{"line":12,"column":38},"end":{"line":51,"column":1}},"line":12},"2":{"name":"(anonymous_2)","decl":{"start":{"line":14,"column":31},"end":{"line":14,"column":32}},"loc":{"start":{"line":14,"column":47},"end":{"line":19,"column":3}},"line":14},"3":{"name":"(anonymous_3)","decl":{"start":{"line":23,"column":16},"end":{"line":23,"column":17}},"loc":{"start":{"line":23,"column":35},"end":{"line":29,"column":3}},"line":23},"4":{"name":"(anonymous_4)","decl":{"start":{"line":35,"column":22},"end":{"line":35,"column":23}},"loc":{"start":{"line":35,"column":28},"end":{"line":37,"column":3}},"line":35},"5":{"name":"(anonymous_5)","decl":{"start":{"line":39,"column":23},"end":{"line":39,"column":24}},"loc":{"start":{"line":39,"column":29},"end":{"line":41,"column":3}},"line":39},"6":{"name":"(anonymous_6)","decl":{"start":{"line":43,"column":21},"end":{"line":43,"column":22}},"loc":{"start":{"line":43,"column":38},"end":{"line":50,"column":3}},"line":43}},"branchMap":{},"s":{"0":1,"1":1,"2":1,"3":0,"4":1,"5":1,"6":1,"7":0,"8":1,"9":1,"10":22,"11":22,"12":1,"13":1,"14":1,"15":0,"16":1,"17":1,"18":1,"19":1},"f":{"0":0,"1":1,"2":0,"3":22,"4":0,"5":1,"6":1},"b":{},"_coverageSchema":"332fd63041d2c1bcb487cc26dd0d5f7d97098a6c","hash":"413f2fc2cdd6a6c0f1b6b7b0f81577771e30c31e"},"boot.js":{"path":"boot.js","statementMap":{"0":{"start":{"line":1,"column":0},"end":{"line":1,"column":53}},"1":{"start":{"line":1,"column":28},"end":{"line":1,"column":53}}},"fnMap":{},"branchMap":{"0":{"loc":{"start":{"line":1,"column":0},"end":{"line":1,"column":53}},"type":"if","locations":[{"start":{"line":1,"column":0},"end":{"line":1,"column":53}},{"start":{"line":1,"column":0},"end":{"line":1,"column":53}}],"line":1}},"s":{"0":1,"1":0},"f":{},"b":{"0":[0,1]},"_coverageSchema":"332fd63041d2c1bcb487cc26dd0d5f7d97098a6c","hash":"3803d199e2c02c7f7646a31a6718d83c31bb4dcb"}}